# JRE version: OpenJDK Runtime Environment Temurin-11.0.14.1+1 (11.0.14.1+1) (build 11.0.14.1+1)
# Java VM: OpenJDK 64-Bit Server VM Temurin-11.0.14.1+1 (11.0.14.1+1, mixed mode, tiered, compressed oops, g1 gc, windows-amd64)
Heap:
 garbage-first heap   total 196608K, used 145699K [0x0000000080000000, 0x0000000100000000)
  region size 1024K, 1 young (1024K), 1 survivors (1024K)
 Metaspace       used 111890K, capacity 114570K, committed 115204K, reserved 1148928K
  class space    used 13813K, capacity 14818K, committed 15028K, reserved 1048576K
GC Heap History (20 events):
Event: 2393.068 GC heap after
{Heap after GC invocations=63 (full 0):
 garbage-first heap   total 163840K, used 131463K [0x0000000080000000, 0x0000000100000000)
  region size 1024K, 1 young (1024K), 1 survivors (1024K)
 Metaspace       used 110704K, capacity 113367K, committed 114052K, reserved 1148928K
  class space    used 13704K, capacity 14718K, committed 14900K, reserved 1048576K
}
Event: 2393.497 GC heap before
{Heap before GC invocations=63 (full 0):
 garbage-first heap   total 163840K, used 138631K [0x0000000080000000, 0x0000000100000000)
  region size 1024K, 9 young (9216K), 1 survivors (1024K)
 Metaspace       used 111507K, capacity 114199K, committed 114948K, reserved 1148928K
  class space    used 13788K, capacity 14782K, committed 15028K, reserved 1048576K
}
Event: 2393.505 GC heap after
{Heap after GC invocations=64 (full 0):
 garbage-first heap   total 163840K, used 131692K [0x0000000080000000, 0x0000000100000000)
  region size 1024K, 1 young (1024K), 1 survivors (1024K)
 Metaspace       used 111507K, capacity 114199K, committed 114948K, reserved 1148928K
  class space    used 13788K, capacity 14782K, committed 15028K, reserved 1048576K
}
Event: 2394.172 GC heap before
{Heap before GC invocations=65 (full 0):
 garbage-first heap   total 163840K, used 140908K [0x0000000080000000, 0x0000000100000000)
  region size 1024K, 10 young (10240K), 1 survivors (1024K)
 Metaspace       used 111736K, capacity 114327K, committed 114948K, reserved 1148928K
  class space    used 13804K, capacity 14782K, committed 15028K, reserved 1048576K
}
Event: 2394.184 GC heap after
{Heap after GC invocations=66 (full 0):
 garbage-first heap   total 163840K, used 134523K [0x0000000080000000, 0x0000000100000000)
  region size 1024K, 2 young (2048K), 2 survivors (2048K)
 Metaspace       used 111736K, capacity 114327K, committed 114948K, reserved 1148928K
  class space    used 13804K, capacity 14782K, committed 15028K, reserved 1048576K
}
Event: 2394.577 GC heap before
{Heap before GC invocations=66 (full 0):
 garbage-first heap   total 163840K, used 147835K [0x0000000080000000, 0x0000000100000000)
  region size 1024K, 8 young (8192K), 2 survivors (2048K)
 Metaspace       used 111805K, capacity 114426K, committed 114948K, reserved 1148928K
  class space    used 13809K, capacity 14815K, committed 15028K, reserved 1048576K
}
Event: 2394.594 GC heap after
{Heap after GC invocations=67 (full 0):
 garbage-first heap   total 163840K, used 138442K [0x0000000080000000, 0x0000000100000000)
  region size 1024K, 1 young (1024K), 1 survivors (1024K)
 Metaspace       used 111805K, capacity 114426K, committed 114948K, reserved 1148928K
  class space    used 13809K, capacity 14815K, committed 15028K, reserved 1048576K
}
Event: 2394.764 GC heap before
{Heap before GC invocations=67 (full 0):
 garbage-first heap   total 163840K, used 145610K [0x0000000080000000, 0x0000000100000000)
  region size 1024K, 8 young (8192K), 1 survivors (1024K)
 Metaspace       used 111809K, capacity 114426K, committed 114948K, reserved 1148928K
  class space    used 13809K, capacity 14815K, committed 15028K, reserved 1048576K
}
Event: 2394.773 GC heap after
{Heap after GC invocations=68 (full 0):
 garbage-first heap   total 163840K, used 139399K [0x0000000080000000, 0x0000000100000000)
  region size 1024K, 1 young (1024K), 1 survivors (1024K)
 Metaspace       used 111809K, capacity 114426K, committed 114948K, reserved 1148928K
  class space    used 13809K, capacity 14815K, committed 15028K, reserved 1048576K
}
Event: 2394.934 GC heap before
{Heap before GC invocations=68 (full 0):
 garbage-first heap   total 163840K, used 146567K [0x0000000080000000, 0x0000000100000000)
  region size 1024K, 8 young (8192K), 1 survivors (1024K)
 Metaspace       used 111836K, capacity 114558K, committed 115204K, reserved 1148928K
  class space    used 13812K, capacity 14816K, committed 15028K, reserved 1048576K
}
Event: 2394.938 GC heap after
{Heap after GC invocations=69 (full 0):
 garbage-first heap   total 163840K, used 139704K [0x0000000080000000, 0x0000000100000000)
  region size 1024K, 1 young (1024K), 1 survivors (1024K)
 Metaspace       used 111836K, capacity 114558K, committed 115204K, reserved 1148928K
  class space    used 13812K, capacity 14816K, committed 15028K, reserved 1048576K
}
Event: 2395.035 GC heap before
{Heap before GC invocations=69 (full 0):
 garbage-first heap   total 163840K, used 146872K [0x0000000080000000, 0x0000000100000000)
  region size 1024K, 8 young (8192K), 1 survivors (1024K)
 Metaspace       used 111843K, capacity 114558K, committed 115204K, reserved 1148928K
  class space    used 13812K, capacity 14816K, committed 15028K, reserved 1048576K
}
Event: 2395.036 GC heap after
{Heap after GC invocations=70 (full 0):
 garbage-first heap   total 163840K, used 139713K [0x0000000080000000, 0x0000000100000000)
  region size 1024K, 1 young (1024K), 1 survivors (1024K)
 Metaspace       used 111843K, capacity 114558K, committed 115204K, reserved 1148928K
  class space    used 13812K, capacity 14816K, committed 15028K, reserved 1048576K
}
Event: 2395.131 GC heap before
{Heap before GC invocations=70 (full 0):
 garbage-first heap   total 163840K, used 146881K [0x0000000080000000, 0x0000000100000000)
  region size 1024K, 8 young (8192K), 1 survivors (1024K)
 Metaspace       used 111847K, capacity 114558K, committed 115204K, reserved 1148928K
  class space    used 13812K, capacity 14816K, committed 15028K, reserved 1048576K
}
Event: 2395.133 GC heap after
{Heap after GC invocations=71 (full 0):
 garbage-first heap   total 163840K, used 139691K [0x0000000080000000, 0x0000000100000000)
  region size 1024K, 1 young (1024K), 1 survivors (1024K)
 Metaspace       used 111847K, capacity 114558K, committed 115204K, reserved 1148928K
  class space    used 13812K, capacity 14816K, committed 15028K, reserved 1048576K
}
Event: 2395.214 GC heap before
{Heap before GC invocations=71 (full 0):
 garbage-first heap   total 163840K, used 146859K [0x0000000080000000, 0x0000000100000000)
  region size 1024K, 8 young (8192K), 1 survivors (1024K)
 Metaspace       used 111850K, capacity 114558K, committed 115204K, reserved 1148928K
  class space    used 13812K, capacity 14816K, committed 15028K, reserved 1048576K
}
Event: 2395.215 GC heap after
{Heap after GC invocations=72 (full 0):
 garbage-first heap   total 163840K, used 139610K [0x0000000080000000, 0x0000000100000000)
  region size 1024K, 1 young (1024K), 1 survivors (1024K)
 Metaspace       used 111850K, capacity 114558K, committed 115204K, reserved 1148928K
  class space    used 13812K, capacity 14816K, committed 15028K, reserved 1048576K
}
Event: 2395.588 GC heap before
{Heap before GC invocations=72 (full 0):
 garbage-first heap   total 163840K, used 145754K [0x0000000080000000, 0x0000000100000000)
  region size 1024K, 8 young (8192K), 1 survivors (1024K)
 Metaspace       used 111889K, capacity 114570K, committed 115204K, reserved 1148928K
  class space    used 13813K, capacity 14818K, committed 15028K, reserved 1048576K
}
Event: 2395.604 GC heap after
{Heap after GC invocations=73 (full 0):
 garbage-first heap   total 163840K, used 144811K [0x0000000080000000, 0x0000000100000000)
  region size 1024K, 1 young (1024K), 1 survivors (1024K)
 Metaspace       used 111889K, capacity 114570K, committed 115204K, reserved 1148928K
  class space    used 13813K, capacity 14818K, committed 15028K, reserved 1048576K
}
Event: 2395.624 GC heap before
{Heap before GC invocations=73 (full 0):
 garbage-first heap   total 163840K, used 144811K [0x0000000080000000, 0x0000000100000000)
  region size 1024K, 2 young (2048K), 1 survivors (1024K)
 Metaspace       used 111890K, capacity 114570K, committed 115204K, reserved 1148928K
  class space    used 13813K, capacity 14818K, committed 15028K, reserved 1048576K
}

