# JRE version: OpenJDK Runtime Environment Temurin-11.0.14.1+1 (11.0.14.1+1) (build 11.0.14.1+1)
# Java VM: OpenJDK 64-Bit Server VM Temurin-11.0.14.1+1 (11.0.14.1+1, mixed mode, tiered, compressed oops, g1 gc, windows-amd64)
Heap:
 garbage-first heap   total 163840K, used 84992K [0x0000000080000000, 0x0000000100000000)
  region size 1024K, 40 young (40960K), 2 survivors (2048K)
 Metaspace       used 63423K, capacity 64918K, committed 65276K, reserved 1105920K
  class space    used 7866K, capacity 8407K, committed 8524K, reserved 1048576K
GC Heap History (20 events):
Event: 3.235 GC heap before
{Heap before GC invocations=1 (full 0):
 garbage-first heap   total 163840K, used 19423K [0x0000000080000000, 0x0000000100000000)
  region size 1024K, 13 young (13312K), 2 survivors (2048K)
 Metaspace       used 10242K, capacity 10501K, committed 10624K, reserved 1058816K
  class space    used 1042K, capacity 1139K, committed 1152K, reserved 1048576K
}
Event: 3.240 GC heap after
{Heap after GC invocations=2 (full 0):
 garbage-first heap   total 163840K, used 9476K [0x0000000080000000, 0x0000000100000000)
  region size 1024K, 2 young (2048K), 2 survivors (2048K)
 Metaspace       used 10242K, capacity 10501K, committed 10624K, reserved 1058816K
  class space    used 1042K, capacity 1139K, committed 1152K, reserved 1048576K
}
Event: 6.395 GC heap before
{Heap before GC invocations=2 (full 0):
 garbage-first heap   total 163840K, used 40196K [0x0000000080000000, 0x0000000100000000)
  region size 1024K, 31 young (31744K), 2 survivors (2048K)
 Metaspace       used 11262K, capacity 11520K, committed 11776K, reserved 1060864K
  class space    used 1145K, capacity 1244K, committed 1280K, reserved 1048576K
}
Event: 6.403 GC heap after
{Heap after GC invocations=3 (full 0):
 garbage-first heap   total 163840K, used 14263K [0x0000000080000000, 0x0000000100000000)
  region size 1024K, 4 young (4096K), 4 survivors (4096K)
 Metaspace       used 11262K, capacity 11520K, committed 11776K, reserved 1060864K
  class space    used 1145K, capacity 1244K, committed 1280K, reserved 1048576K
}
Event: 9.847 GC heap before
{Heap before GC invocations=3 (full 0):
 garbage-first heap   total 163840K, used 55223K [0x0000000080000000, 0x0000000100000000)
  region size 1024K, 44 young (45056K), 4 survivors (4096K)
 Metaspace       used 18453K, capacity 18848K, committed 18944K, reserved 1067008K
  class space    used 2165K, capacity 2286K, committed 2304K, reserved 1048576K
}
Event: 9.858 GC heap after
{Heap after GC invocations=4 (full 0):
 garbage-first heap   total 163840K, used 16724K [0x0000000080000000, 0x0000000100000000)
  region size 1024K, 6 young (6144K), 6 survivors (6144K)
 Metaspace       used 18453K, capacity 18848K, committed 18944K, reserved 1067008K
  class space    used 2165K, capacity 2286K, committed 2304K, reserved 1048576K
}
Event: 10.504 GC heap before
{Heap before GC invocations=4 (full 0):
 garbage-first heap   total 163840K, used 36180K [0x0000000080000000, 0x0000000100000000)
  region size 1024K, 26 young (26624K), 6 survivors (6144K)
 Metaspace       used 20739K, capacity 21199K, committed 21296K, reserved 1069056K
  class space    used 2501K, capacity 2669K, committed 2688K, reserved 1048576K
}
Event: 10.513 GC heap after
{Heap after GC invocations=5 (full 0):
 garbage-first heap   total 163840K, used 17712K [0x0000000080000000, 0x0000000100000000)
  region size 1024K, 4 young (4096K), 4 survivors (4096K)
 Metaspace       used 20739K, capacity 21199K, committed 21296K, reserved 1069056K
  class space    used 2501K, capacity 2669K, committed 2688K, reserved 1048576K
}
Event: 12.901 GC heap before
{Heap before GC invocations=6 (full 0):
 garbage-first heap   total 163840K, used 78128K [0x0000000080000000, 0x0000000100000000)
  region size 1024K, 64 young (65536K), 4 survivors (4096K)
 Metaspace       used 26586K, capacity 27099K, committed 27260K, reserved 1073152K
  class space    used 3436K, capacity 3661K, committed 3788K, reserved 1048576K
}
Event: 12.915 GC heap after
{Heap after GC invocations=7 (full 0):
 garbage-first heap   total 163840K, used 19604K [0x0000000080000000, 0x0000000100000000)
  region size 1024K, 6 young (6144K), 6 survivors (6144K)
 Metaspace       used 26586K, capacity 27099K, committed 27260K, reserved 1073152K
  class space    used 3436K, capacity 3661K, committed 3788K, reserved 1048576K
}
Event: 15.666 GC heap before
{Heap before GC invocations=7 (full 0):
 garbage-first heap   total 163840K, used 70804K [0x0000000080000000, 0x0000000100000000)
  region size 1024K, 57 young (58368K), 6 survivors (6144K)
 Metaspace       used 35140K, capacity 35931K, committed 35964K, reserved 1081344K
  class space    used 4497K, capacity 4799K, committed 4812K, reserved 1048576K
}
Event: 15.689 GC heap after
{Heap after GC invocations=8 (full 0):
 garbage-first heap   total 163840K, used 23259K [0x0000000080000000, 0x0000000100000000)
  region size 1024K, 9 young (9216K), 9 survivors (9216K)
 Metaspace       used 35140K, capacity 35931K, committed 35964K, reserved 1081344K
  class space    used 4497K, capacity 4799K, committed 4812K, reserved 1048576K
}
Event: 19.696 GC heap before
{Heap before GC invocations=9 (full 0):
 garbage-first heap   total 163840K, used 113371K [0x0000000080000000, 0x0000000100000000)
  region size 1024K, 95 young (97280K), 9 survivors (9216K)
 Metaspace       used 41850K, capacity 42858K, committed 43004K, reserved 1087488K
  class space    used 5315K, capacity 5688K, committed 5708K, reserved 1048576K
}
Event: 19.725 GC heap after
{Heap after GC invocations=10 (full 0):
 garbage-first heap   total 163840K, used 29291K [0x0000000080000000, 0x0000000100000000)
  region size 1024K, 12 young (12288K), 12 survivors (12288K)
 Metaspace       used 41850K, capacity 42858K, committed 43004K, reserved 1087488K
  class space    used 5315K, capacity 5688K, committed 5708K, reserved 1048576K
}
Event: 23.370 GC heap before
{Heap before GC invocations=10 (full 0):
 garbage-first heap   total 163840K, used 115307K [0x0000000080000000, 0x0000000100000000)
  region size 1024K, 96 young (98304K), 12 survivors (12288K)
 Metaspace       used 47797K, capacity 49001K, committed 49148K, reserved 1091584K
  class space    used 5993K, capacity 6408K, committed 6476K, reserved 1048576K
}
Event: 23.396 GC heap after
{Heap after GC invocations=11 (full 0):
 garbage-first heap   total 163840K, used 32974K [0x0000000080000000, 0x0000000100000000)
  region size 1024K, 10 young (10240K), 10 survivors (10240K)
 Metaspace       used 47797K, capacity 49001K, committed 49148K, reserved 1091584K
  class space    used 5993K, capacity 6408K, committed 6476K, reserved 1048576K
}
Event: 28.323 GC heap before
{Heap before GC invocations=11 (full 0):
 garbage-first heap   total 163840K, used 125134K [0x0000000080000000, 0x0000000100000000)
  region size 1024K, 96 young (98304K), 10 survivors (10240K)
 Metaspace       used 58053K, capacity 59450K, committed 59644K, reserved 1101824K
  class space    used 7192K, capacity 7697K, committed 7756K, reserved 1048576K
}
Event: 28.353 GC heap after
{Heap after GC invocations=12 (full 0):
 garbage-first heap   total 163840K, used 45956K [0x0000000080000000, 0x0000000100000000)
  region size 1024K, 12 young (12288K), 12 survivors (12288K)
 Metaspace       used 58053K, capacity 59450K, committed 59644K, reserved 1101824K
  class space    used 7192K, capacity 7697K, committed 7756K, reserved 1048576K
}
Event: 28.635 GC heap before
{Heap before GC invocations=12 (full 0):
 garbage-first heap   total 163840K, used 52100K [0x0000000080000000, 0x0000000100000000)
  region size 1024K, 19 young (19456K), 12 survivors (12288K)
 Metaspace       used 58777K, capacity 60176K, committed 60284K, reserved 1101824K
  class space    used 7302K, capacity 7812K, committed 7884K, reserved 1048576K
}
Event: 28.670 GC heap after
{Heap after GC invocations=13 (full 0):
 garbage-first heap   total 163840K, used 48128K [0x0000000080000000, 0x0000000100000000)
  region size 1024K, 2 young (2048K), 2 survivors (2048K)
 Metaspace       used 58777K, capacity 60176K, committed 60284K, reserved 1101824K
  class space    used 7302K, capacity 7812K, committed 7884K, reserved 1048576K
}

