# JRE version: OpenJDK Runtime Environment (11.0.12+7) (build 11.0.12+7-b1504.28-7817840)
# Java VM: OpenJDK 64-Bit Server VM (11.0.12+7-b1504.28-7817840, mixed mode, tiered, compressed oops, g1 gc, windows-amd64)
Heap:
 garbage-first heap   total 489472K, used 376320K [0x0000000080000000, 0x0000000100000000)
  region size 1024K, 101 young (103424K), 2 survivors (2048K)
 Metaspace       used 158307K, capacity 163453K, committed 163736K, reserved 1191936K
  class space    used 19506K, capacity 21410K, committed 21452K, reserved 1048576K
GC Heap History (20 events):
Event: 1143.917 GC heap before
{Heap before GC invocations=117 (full 0):
 garbage-first heap   total 487424K, used 451811K [0x0000000080000000, 0x0000000100000000)
  region size 1024K, 132 young (135168K), 4 survivors (4096K)
 Metaspace       used 149612K, capacity 154678K, committed 154776K, reserved 1183744K
  class space    used 18788K, capacity 20623K, committed 20684K, reserved 1048576K
}
Event: 1143.935 GC heap after
{Heap after GC invocations=118 (full 0):
 garbage-first heap   total 487424K, used 271547K [0x0000000080000000, 0x0000000100000000)
  region size 1024K, 4 young (4096K), 4 survivors (4096K)
 Metaspace       used 149612K, capacity 154678K, committed 154776K, reserved 1183744K
  class space    used 18788K, capacity 20623K, committed 20684K, reserved 1048576K
}
Event: 1145.001 GC heap before
{Heap before GC invocations=119 (full 0):
 garbage-first heap   total 487424K, used 460987K [0x0000000080000000, 0x0000000100000000)
  region size 1024K, 130 young (133120K), 4 survivors (4096K)
 Metaspace       used 149626K, capacity 154678K, committed 154776K, reserved 1183744K
  class space    used 18788K, capacity 20623K, committed 20684K, reserved 1048576K
}
Event: 1145.018 GC heap after
{Heap after GC invocations=120 (full 0):
 garbage-first heap   total 487424K, used 285876K [0x0000000080000000, 0x0000000100000000)
  region size 1024K, 4 young (4096K), 4 survivors (4096K)
 Metaspace       used 149626K, capacity 154678K, committed 154776K, reserved 1183744K
  class space    used 18788K, capacity 20623K, committed 20684K, reserved 1048576K
}
Event: 1146.069 GC heap before
{Heap before GC invocations=121 (full 0):
 garbage-first heap   total 487424K, used 462004K [0x0000000080000000, 0x0000000100000000)
  region size 1024K, 128 young (131072K), 4 survivors (4096K)
 Metaspace       used 149644K, capacity 154678K, committed 154776K, reserved 1183744K
  class space    used 18788K, capacity 20623K, committed 20684K, reserved 1048576K
}
Event: 1146.084 GC heap after
{Heap after GC invocations=122 (full 0):
 garbage-first heap   total 487424K, used 262294K [0x0000000080000000, 0x0000000100000000)
  region size 1024K, 3 young (3072K), 3 survivors (3072K)
 Metaspace       used 149644K, capacity 154678K, committed 154776K, reserved 1183744K
  class space    used 18788K, capacity 20623K, committed 20684K, reserved 1048576K
}
Event: 1147.178 GC heap before
{Heap before GC invocations=123 (full 0):
 garbage-first heap   total 487424K, used 483478K [0x0000000080000000, 0x0000000100000000)
  region size 1024K, 143 young (146432K), 3 survivors (3072K)
 Metaspace       used 149675K, capacity 154742K, committed 155032K, reserved 1183744K
  class space    used 18788K, capacity 20623K, committed 20684K, reserved 1048576K
}
Event: 1147.193 GC heap after
{Heap after GC invocations=124 (full 0):
 garbage-first heap   total 489472K, used 296184K [0x0000000080000000, 0x0000000100000000)
  region size 1024K, 3 young (3072K), 3 survivors (3072K)
 Metaspace       used 149675K, capacity 154742K, committed 155032K, reserved 1183744K
  class space    used 18788K, capacity 20623K, committed 20684K, reserved 1048576K
}
Event: 1149.030 GC heap before
{Heap before GC invocations=125 (full 0):
 garbage-first heap   total 489472K, used 457976K [0x0000000080000000, 0x0000000100000000)
  region size 1024K, 130 young (133120K), 3 survivors (3072K)
 Metaspace       used 149771K, capacity 154817K, committed 155032K, reserved 1183744K
  class space    used 18792K, capacity 20626K, committed 20684K, reserved 1048576K
}
Event: 1149.054 GC heap after
{Heap after GC invocations=126 (full 0):
 garbage-first heap   total 489472K, used 258245K [0x0000000080000000, 0x0000000100000000)
  region size 1024K, 9 young (9216K), 9 survivors (9216K)
 Metaspace       used 149771K, capacity 154817K, committed 155032K, reserved 1183744K
  class space    used 18792K, capacity 20626K, committed 20684K, reserved 1048576K
}
Event: 1151.675 GC heap before
{Heap before GC invocations=127 (full 0):
 garbage-first heap   total 489472K, used 427205K [0x0000000080000000, 0x0000000100000000)
  region size 1024K, 158 young (161792K), 9 survivors (9216K)
 Metaspace       used 154478K, capacity 159545K, committed 159768K, reserved 1187840K
  class space    used 19147K, capacity 20990K, committed 21068K, reserved 1048576K
}
Event: 1151.698 GC heap after
{Heap after GC invocations=128 (full 0):
 garbage-first heap   total 489472K, used 205868K [0x0000000080000000, 0x0000000100000000)
  region size 1024K, 16 young (16384K), 16 survivors (16384K)
 Metaspace       used 154478K, capacity 159545K, committed 159768K, reserved 1187840K
  class space    used 19147K, capacity 20990K, committed 21068K, reserved 1048576K
}
Event: 1155.588 GC heap before
{Heap before GC invocations=128 (full 0):
 garbage-first heap   total 489472K, used 411692K [0x0000000080000000, 0x0000000100000000)
  region size 1024K, 216 young (221184K), 16 survivors (16384K)
 Metaspace       used 157175K, capacity 162376K, committed 162584K, reserved 1189888K
  class space    used 19425K, capacity 21303K, committed 21324K, reserved 1048576K
}
Event: 1155.614 GC heap after
{Heap after GC invocations=129 (full 0):
 garbage-first heap   total 489472K, used 200388K [0x0000000080000000, 0x0000000100000000)
  region size 1024K, 9 young (9216K), 9 survivors (9216K)
 Metaspace       used 157175K, capacity 162376K, committed 162584K, reserved 1189888K
  class space    used 19425K, capacity 21303K, committed 21324K, reserved 1048576K
}
Event: 1156.617 GC heap before
{Heap before GC invocations=129 (full 0):
 garbage-first heap   total 489472K, used 299716K [0x0000000080000000, 0x0000000100000000)
  region size 1024K, 92 young (94208K), 9 survivors (9216K)
 Metaspace       used 157652K, capacity 162809K, committed 162968K, reserved 1191936K
  class space    used 19482K, capacity 21359K, committed 21452K, reserved 1048576K
}
Event: 1156.663 GC heap after
{Heap after GC invocations=130 (full 0):
 garbage-first heap   total 489472K, used 227979K [0x0000000080000000, 0x0000000100000000)
  region size 1024K, 23 young (23552K), 23 survivors (23552K)
 Metaspace       used 157652K, capacity 162809K, committed 162968K, reserved 1191936K
  class space    used 19482K, capacity 21359K, committed 21452K, reserved 1048576K
}
Event: 1158.907 GC heap before
{Heap before GC invocations=131 (full 0):
 garbage-first heap   total 489472K, used 403083K [0x0000000080000000, 0x0000000100000000)
  region size 1024K, 184 young (188416K), 23 survivors (23552K)
 Metaspace       used 158095K, capacity 163306K, committed 163480K, reserved 1191936K
  class space    used 19492K, capacity 21404K, committed 21452K, reserved 1048576K
}
Event: 1159.101 GC heap after
{Heap after GC invocations=132 (full 0):
 garbage-first heap   total 489472K, used 284141K [0x0000000080000000, 0x0000000100000000)
  region size 1024K, 23 young (23552K), 23 survivors (23552K)
 Metaspace       used 158095K, capacity 163306K, committed 163480K, reserved 1191936K
  class space    used 19492K, capacity 21404K, committed 21452K, reserved 1048576K
}
Event: 1159.149 GC heap before
{Heap before GC invocations=132 (full 0):
 garbage-first heap   total 489472K, used 285165K [0x0000000080000000, 0x0000000100000000)
  region size 1024K, 24 young (24576K), 23 survivors (23552K)
 Metaspace       used 158095K, capacity 163306K, committed 163480K, reserved 1191936K
  class space    used 19492K, capacity 21404K, committed 21452K, reserved 1048576K
}
Event: 1159.257 GC heap after
{Heap after GC invocations=133 (full 0):
 garbage-first heap   total 489472K, used 275968K [0x0000000080000000, 0x0000000100000000)
  region size 1024K, 2 young (2048K), 2 survivors (2048K)
 Metaspace       used 158095K, capacity 163306K, committed 163480K, reserved 1191936K
  class space    used 19492K, capacity 21404K, committed 21452K, reserved 1048576K
}

