# JRE version: OpenJDK Runtime Environment (11.0.12+7) (build 11.0.12+7-b1504.28-7817840)
# Java VM: OpenJDK 64-Bit Server VM (11.0.12+7-b1504.28-7817840, mixed mode, tiered, compressed oops, g1 gc, windows-amd64)
Heap:
 garbage-first heap   total 163840K, used 64502K [0x0000000080000000, 0x0000000100000000)
  region size 1024K, 33 young (33792K), 10 survivors (10240K)
 Metaspace       used 47307K, capacity 48573K, committed 48896K, reserved 1091584K
  class space    used 6123K, capacity 6585K, committed 6656K, reserved 1048576K
GC Heap History (12 events):
Event: 0.844 GC heap before
{Heap before GC invocations=0 (full 0):
 garbage-first heap   total 163840K, used 16384K [0x0000000080000000, 0x0000000100000000)
  region size 1024K, 14 young (14336K), 0 survivors (0K)
 Metaspace       used 6731K, capacity 6925K, committed 7168K, reserved 1056768K
  class space    used 583K, capacity 650K, committed 768K, reserved 1048576K
}
Event: 0.850 GC heap after
{Heap after GC invocations=1 (full 0):
 garbage-first heap   total 163840K, used 4110K [0x0000000080000000, 0x0000000100000000)
  region size 1024K, 2 young (2048K), 2 survivors (2048K)
 Metaspace       used 6731K, capacity 6925K, committed 7168K, reserved 1056768K
  class space    used 583K, capacity 650K, committed 768K, reserved 1048576K
}
Event: 4.218 GC heap before
{Heap before GC invocations=1 (full 0):
 garbage-first heap   total 163840K, used 103438K [0x0000000080000000, 0x0000000100000000)
  region size 1024K, 96 young (98304K), 2 survivors (2048K)
 Metaspace       used 18884K, capacity 19327K, committed 19584K, reserved 1067008K
  class space    used 2251K, capacity 2397K, committed 2432K, reserved 1048576K
}
Event: 4.234 GC heap after
{Heap after GC invocations=2 (full 0):
 garbage-first heap   total 163840K, used 16641K [0x0000000080000000, 0x0000000100000000)
  region size 1024K, 12 young (12288K), 12 survivors (12288K)
 Metaspace       used 18884K, capacity 19327K, committed 19584K, reserved 1067008K
  class space    used 2251K, capacity 2397K, committed 2432K, reserved 1048576K
}
Event: 4.479 GC heap before
{Heap before GC invocations=2 (full 0):
 garbage-first heap   total 163840K, used 32001K [0x0000000080000000, 0x0000000100000000)
  region size 1024K, 28 young (28672K), 12 survivors (12288K)
 Metaspace       used 20707K, capacity 21125K, committed 21248K, reserved 1067008K
  class space    used 2525K, capacity 2698K, committed 2816K, reserved 1048576K
}
Event: 4.495 GC heap after
{Heap after GC invocations=3 (full 0):
 garbage-first heap   total 163840K, used 17808K [0x0000000080000000, 0x0000000100000000)
  region size 1024K, 1 young (1024K), 1 survivors (1024K)
 Metaspace       used 20707K, capacity 21125K, committed 21248K, reserved 1067008K
  class space    used 2525K, capacity 2698K, committed 2816K, reserved 1048576K
}
Event: 8.489 GC heap before
{Heap before GC invocations=4 (full 0):
 garbage-first heap   total 163840K, used 115088K [0x0000000080000000, 0x0000000100000000)
  region size 1024K, 86 young (88064K), 1 survivors (1024K)
 Metaspace       used 29098K, capacity 29914K, committed 30080K, reserved 1075200K
  class space    used 3868K, capacity 4165K, committed 4224K, reserved 1048576K
}
Event: 8.499 GC heap after
{Heap after GC invocations=5 (full 0):
 garbage-first heap   total 163840K, used 32540K [0x0000000080000000, 0x0000000100000000)
  region size 1024K, 6 young (6144K), 6 survivors (6144K)
 Metaspace       used 29098K, capacity 29914K, committed 30080K, reserved 1075200K
  class space    used 3868K, capacity 4165K, committed 4224K, reserved 1048576K
}
Event: 9.370 GC heap before
{Heap before GC invocations=5 (full 0):
 garbage-first heap   total 163840K, used 84764K [0x0000000080000000, 0x0000000100000000)
  region size 1024K, 58 young (59392K), 6 survivors (6144K)
 Metaspace       used 34815K, capacity 35746K, committed 35840K, reserved 1079296K
  class space    used 4700K, capacity 5066K, committed 5120K, reserved 1048576K
}
Event: 9.384 GC heap after
{Heap after GC invocations=6 (full 0):
 garbage-first heap   total 163840K, used 34492K [0x0000000080000000, 0x0000000100000000)
  region size 1024K, 8 young (8192K), 8 survivors (8192K)
 Metaspace       used 34815K, capacity 35746K, committed 35840K, reserved 1079296K
  class space    used 4700K, capacity 5066K, committed 5120K, reserved 1048576K
}
Event: 11.572 GC heap before
{Heap before GC invocations=7 (full 0):
 garbage-first heap   total 163840K, used 122556K [0x0000000080000000, 0x0000000100000000)
  region size 1024K, 92 young (94208K), 8 survivors (8192K)
 Metaspace       used 47067K, capacity 48294K, committed 48640K, reserved 1091584K
  class space    used 6093K, capacity 6537K, committed 6656K, reserved 1048576K
}
Event: 11.605 GC heap after
{Heap after GC invocations=8 (full 0):
 garbage-first heap   total 163840K, used 41974K [0x0000000080000000, 0x0000000100000000)
  region size 1024K, 10 young (10240K), 10 survivors (10240K)
 Metaspace       used 47067K, capacity 48294K, committed 48640K, reserved 1091584K
  class space    used 6093K, capacity 6537K, committed 6656K, reserved 1048576K
}

