# JRE version: OpenJDK Runtime Environment Temurin-11.0.14.1+1 (11.0.14.1+1) (build 11.0.14.1+1)
# Java VM: OpenJDK 64-Bit Server VM Temurin-11.0.14.1+1 (11.0.14.1+1, mixed mode, tiered, compressed oops, g1 gc, windows-amd64)
Heap:
 garbage-first heap   total 196608K, used 107406K [0x0000000080000000, 0x0000000100000000)
  region size 1024K, 80 young (81920K), 10 survivors (10240K)
 Metaspace       used 54913K, capacity 56310K, committed 56400K, reserved 1097728K
  class space    used 6872K, capacity 7363K, committed 7424K, reserved 1048576K
GC Heap History (18 events):
Event: 0.931 GC heap before
{Heap before GC invocations=0 (full 0):
 garbage-first heap   total 163840K, used 19456K [0x0000000080000000, 0x0000000100000000)
  region size 1024K, 14 young (14336K), 0 survivors (0K)
 Metaspace       used 6737K, capacity 6933K, committed 7168K, reserved 1056768K
  class space    used 570K, capacity 650K, committed 768K, reserved 1048576K
}
Event: 0.937 GC heap after
{Heap after GC invocations=1 (full 0):
 garbage-first heap   total 163840K, used 7896K [0x0000000080000000, 0x0000000100000000)
  region size 1024K, 2 young (2048K), 2 survivors (2048K)
 Metaspace       used 6737K, capacity 6933K, committed 7168K, reserved 1056768K
  class space    used 570K, capacity 650K, committed 768K, reserved 1048576K
}
Event: 1.580 GC heap before
{Heap before GC invocations=1 (full 0):
 garbage-first heap   total 163840K, used 19160K [0x0000000080000000, 0x0000000100000000)
  region size 1024K, 13 young (13312K), 2 survivors (2048K)
 Metaspace       used 10233K, capacity 10497K, committed 10624K, reserved 1058816K
  class space    used 1042K, capacity 1139K, committed 1152K, reserved 1048576K
}
Event: 1.588 GC heap after
{Heap after GC invocations=2 (full 0):
 garbage-first heap   total 163840K, used 9644K [0x0000000080000000, 0x0000000100000000)
  region size 1024K, 2 young (2048K), 2 survivors (2048K)
 Metaspace       used 10233K, capacity 10497K, committed 10624K, reserved 1058816K
  class space    used 1042K, capacity 1139K, committed 1152K, reserved 1048576K
}
Event: 2.666 GC heap before
{Heap before GC invocations=2 (full 0):
 garbage-first heap   total 163840K, used 38316K [0x0000000080000000, 0x0000000100000000)
  region size 1024K, 29 young (29696K), 2 survivors (2048K)
 Metaspace       used 11252K, capacity 11452K, committed 11520K, reserved 1058816K
  class space    used 1144K, capacity 1244K, committed 1280K, reserved 1048576K
}
Event: 2.673 GC heap after
{Heap after GC invocations=3 (full 0):
 garbage-first heap   total 163840K, used 13455K [0x0000000080000000, 0x0000000100000000)
  region size 1024K, 4 young (4096K), 4 survivors (4096K)
 Metaspace       used 11252K, capacity 11452K, committed 11520K, reserved 1058816K
  class space    used 1144K, capacity 1244K, committed 1280K, reserved 1048576K
}
Event: 5.027 GC heap before
{Heap before GC invocations=3 (full 0):
 garbage-first heap   total 163840K, used 53391K [0x0000000080000000, 0x0000000100000000)
  region size 1024K, 43 young (44032K), 4 survivors (4096K)
 Metaspace       used 17877K, capacity 18259K, committed 18432K, reserved 1064960K
  class space    used 2089K, capacity 2219K, committed 2304K, reserved 1048576K
}
Event: 5.037 GC heap after
{Heap after GC invocations=4 (full 0):
 garbage-first heap   total 163840K, used 16906K [0x0000000080000000, 0x0000000100000000)
  region size 1024K, 6 young (6144K), 6 survivors (6144K)
 Metaspace       used 17877K, capacity 18259K, committed 18432K, reserved 1064960K
  class space    used 2089K, capacity 2219K, committed 2304K, reserved 1048576K
}
Event: 5.466 GC heap before
{Heap before GC invocations=4 (full 0):
 garbage-first heap   total 163840K, used 39434K [0x0000000080000000, 0x0000000100000000)
  region size 1024K, 29 young (29696K), 6 survivors (6144K)
 Metaspace       used 20730K, capacity 21195K, committed 21296K, reserved 1069056K
  class space    used 2501K, capacity 2669K, committed 2688K, reserved 1048576K
}
Event: 5.475 GC heap after
{Heap after GC invocations=5 (full 0):
 garbage-first heap   total 163840K, used 17926K [0x0000000080000000, 0x0000000100000000)
  region size 1024K, 4 young (4096K), 4 survivors (4096K)
 Metaspace       used 20730K, capacity 21195K, committed 21296K, reserved 1069056K
  class space    used 2501K, capacity 2669K, committed 2688K, reserved 1048576K
}
Event: 6.475 GC heap before
{Heap before GC invocations=6 (full 0):
 garbage-first heap   total 163840K, used 71174K [0x0000000080000000, 0x0000000100000000)
  region size 1024K, 56 young (57344K), 4 survivors (4096K)
 Metaspace       used 26065K, capacity 26645K, committed 26800K, reserved 1073152K
  class space    used 3351K, capacity 3552K, committed 3584K, reserved 1048576K
}
Event: 6.488 GC heap after
{Heap after GC invocations=7 (full 0):
 garbage-first heap   total 163840K, used 20095K [0x0000000080000000, 0x0000000100000000)
  region size 1024K, 4 young (4096K), 4 survivors (4096K)
 Metaspace       used 26065K, capacity 26645K, committed 26800K, reserved 1073152K
  class space    used 3351K, capacity 3552K, committed 3584K, reserved 1048576K
}
Event: 7.999 GC heap before
{Heap before GC invocations=7 (full 0):
 garbage-first heap   total 163840K, used 79487K [0x0000000080000000, 0x0000000100000000)
  region size 1024K, 63 young (64512K), 4 survivors (4096K)
 Metaspace       used 35020K, capacity 35798K, committed 35920K, reserved 1081344K
  class space    used 4480K, capacity 4799K, committed 4864K, reserved 1048576K
}
Event: 8.019 GC heap after
{Heap after GC invocations=8 (full 0):
 garbage-first heap   total 163840K, used 23293K [0x0000000080000000, 0x0000000100000000)
  region size 1024K, 7 young (7168K), 7 survivors (7168K)
 Metaspace       used 35020K, capacity 35798K, committed 35920K, reserved 1081344K
  class space    used 4480K, capacity 4799K, committed 4864K, reserved 1048576K
}
Event: 10.047 GC heap before
{Heap before GC invocations=9 (full 0):
 garbage-first heap   total 163840K, used 116477K [0x0000000080000000, 0x0000000100000000)
  region size 1024K, 96 young (98304K), 7 survivors (7168K)
 Metaspace       used 41839K, capacity 42968K, committed 43216K, reserved 1087488K
  class space    used 5321K, capacity 5726K, committed 5760K, reserved 1048576K
}
Event: 10.076 GC heap after
{Heap after GC invocations=10 (full 0):
 garbage-first heap   total 163840K, used 29315K [0x0000000080000000, 0x0000000100000000)
  region size 1024K, 12 young (12288K), 12 survivors (12288K)
 Metaspace       used 41839K, capacity 42968K, committed 43216K, reserved 1087488K
  class space    used 5321K, capacity 5726K, committed 5760K, reserved 1048576K
}
Event: 12.025 GC heap before
{Heap before GC invocations=10 (full 0):
 garbage-first heap   total 163840K, used 115331K [0x0000000080000000, 0x0000000100000000)
  region size 1024K, 96 young (98304K), 12 survivors (12288K)
 Metaspace       used 47629K, capacity 48898K, committed 49104K, reserved 1091584K
  class space    used 5990K, capacity 6420K, committed 6528K, reserved 1048576K
}
Event: 12.053 GC heap after
{Heap after GC invocations=11 (full 0):
 garbage-first heap   total 196608K, used 32654K [0x0000000080000000, 0x0000000100000000)
  region size 1024K, 10 young (10240K), 10 survivors (10240K)
 Metaspace       used 47629K, capacity 48898K, committed 49104K, reserved 1091584K
  class space    used 5990K, capacity 6420K, committed 6528K, reserved 1048576K
}

