# JRE version: OpenJDK Runtime Environment Temurin-11.0.14.1+1 (11.0.14.1+1) (build 11.0.14.1+1)
# Java VM: OpenJDK 64-Bit Server VM Temurin-11.0.14.1+1 (11.0.14.1+1, mixed mode, tiered, compressed oops, g1 gc, windows-amd64)
Heap:
 garbage-first heap   total 196608K, used 46243K [0x0000000080000000, 0x0000000100000000)
  region size 1024K, 32 young (32768K), 7 survivors (7168K)
 Metaspace       used 36660K, capacity 37487K, committed 37712K, reserved 1081344K
  class space    used 4647K, capacity 4953K, committed 5024K, reserved 1048576K
GC Heap History (14 events):
Event: 0.738 GC heap before
{Heap before GC invocations=0 (full 0):
 garbage-first heap   total 163840K, used 19456K [0x0000000080000000, 0x0000000100000000)
  region size 1024K, 14 young (14336K), 0 survivors (0K)
 Metaspace       used 6734K, capacity 6933K, committed 7168K, reserved 1056768K
  class space    used 570K, capacity 650K, committed 768K, reserved 1048576K
}
Event: 0.744 GC heap after
{Heap after GC invocations=1 (full 0):
 garbage-first heap   total 163840K, used 7865K [0x0000000080000000, 0x0000000100000000)
  region size 1024K, 2 young (2048K), 2 survivors (2048K)
 Metaspace       used 6734K, capacity 6933K, committed 7168K, reserved 1056768K
  class space    used 570K, capacity 650K, committed 768K, reserved 1048576K
}
Event: 1.217 GC heap before
{Heap before GC invocations=1 (full 0):
 garbage-first heap   total 163840K, used 19129K [0x0000000080000000, 0x0000000100000000)
  region size 1024K, 13 young (13312K), 2 survivors (2048K)
 Metaspace       used 10190K, capacity 10433K, committed 10624K, reserved 1058816K
  class space    used 1042K, capacity 1139K, committed 1152K, reserved 1048576K
}
Event: 1.228 GC heap after
{Heap after GC invocations=2 (full 0):
 garbage-first heap   total 163840K, used 9341K [0x0000000080000000, 0x0000000100000000)
  region size 1024K, 2 young (2048K), 2 survivors (2048K)
 Metaspace       used 10190K, capacity 10433K, committed 10624K, reserved 1058816K
  class space    used 1042K, capacity 1139K, committed 1152K, reserved 1048576K
}
Event: 2.129 GC heap before
{Heap before GC invocations=2 (full 0):
 garbage-first heap   total 163840K, used 35965K [0x0000000080000000, 0x0000000100000000)
  region size 1024K, 28 young (28672K), 2 survivors (2048K)
 Metaspace       used 11196K, capacity 11452K, committed 11520K, reserved 1058816K
  class space    used 1141K, capacity 1244K, committed 1280K, reserved 1048576K
}
Event: 2.136 GC heap after
{Heap after GC invocations=3 (full 0):
 garbage-first heap   total 163840K, used 12450K [0x0000000080000000, 0x0000000100000000)
  region size 1024K, 4 young (4096K), 4 survivors (4096K)
 Metaspace       used 11196K, capacity 11452K, committed 11520K, reserved 1058816K
  class space    used 1141K, capacity 1244K, committed 1280K, reserved 1048576K
}
Event: 4.130 GC heap before
{Heap before GC invocations=3 (full 0):
 garbage-first heap   total 163840K, used 51362K [0x0000000080000000, 0x0000000100000000)
  region size 1024K, 42 young (43008K), 4 survivors (4096K)
 Metaspace       used 17559K, capacity 17966K, committed 18176K, reserved 1064960K
  class space    used 2043K, capacity 2185K, committed 2304K, reserved 1048576K
}
Event: 4.141 GC heap after
{Heap after GC invocations=4 (full 0):
 garbage-first heap   total 163840K, used 16467K [0x0000000080000000, 0x0000000100000000)
  region size 1024K, 6 young (6144K), 6 survivors (6144K)
 Metaspace       used 17559K, capacity 17966K, committed 18176K, reserved 1064960K
  class space    used 2043K, capacity 2185K, committed 2304K, reserved 1048576K
}
Event: 4.559 GC heap before
{Heap before GC invocations=4 (full 0):
 garbage-first heap   total 163840K, used 41043K [0x0000000080000000, 0x0000000100000000)
  region size 1024K, 31 young (31744K), 6 survivors (6144K)
 Metaspace       used 20761K, capacity 21195K, committed 21296K, reserved 1069056K
  class space    used 2503K, capacity 2669K, committed 2688K, reserved 1048576K
}
Event: 4.568 GC heap after
{Heap after GC invocations=5 (full 0):
 garbage-first heap   total 163840K, used 17143K [0x0000000080000000, 0x0000000100000000)
  region size 1024K, 4 young (4096K), 4 survivors (4096K)
 Metaspace       used 20761K, capacity 21195K, committed 21296K, reserved 1069056K
  class space    used 2503K, capacity 2669K, committed 2688K, reserved 1048576K
}
Event: 5.578 GC heap before
{Heap before GC invocations=6 (full 0):
 garbage-first heap   total 163840K, used 67319K [0x0000000080000000, 0x0000000100000000)
  region size 1024K, 53 young (54272K), 4 survivors (4096K)
 Metaspace       used 25860K, capacity 26450K, committed 26620K, reserved 1073152K
  class space    used 3330K, capacity 3551K, committed 3660K, reserved 1048576K
}
Event: 5.592 GC heap after
{Heap after GC invocations=7 (full 0):
 garbage-first heap   total 163840K, used 19100K [0x0000000080000000, 0x0000000100000000)
  region size 1024K, 3 young (3072K), 3 survivors (3072K)
 Metaspace       used 25860K, capacity 26450K, committed 26620K, reserved 1073152K
  class space    used 3330K, capacity 3551K, committed 3660K, reserved 1048576K
}
Event: 8.580 GC heap before
{Heap before GC invocations=7 (full 0):
 garbage-first heap   total 163840K, used 80540K [0x0000000080000000, 0x0000000100000000)
  region size 1024K, 64 young (65536K), 3 survivors (3072K)
 Metaspace       used 35186K, capacity 35990K, committed 36048K, reserved 1081344K
  class space    used 4506K, capacity 4863K, committed 4896K, reserved 1048576K
}
Event: 8.600 GC heap after
{Heap after GC invocations=8 (full 0):
 garbage-first heap   total 196608K, used 22691K [0x0000000080000000, 0x0000000100000000)
  region size 1024K, 7 young (7168K), 7 survivors (7168K)
 Metaspace       used 35186K, capacity 35990K, committed 36048K, reserved 1081344K
  class space    used 4506K, capacity 4863K, committed 4896K, reserved 1048576K
}

