# JRE version: OpenJDK Runtime Environment Temurin-11.0.14.1+1 (11.0.14.1+1) (build 11.0.14.1+1)
# Java VM: OpenJDK 64-Bit Server VM Temurin-11.0.14.1+1 (11.0.14.1+1, mixed mode, tiered, compressed oops, g1 gc, windows-amd64)
Heap:
 garbage-first heap   total 403456K, used 168912K [0x0000000080000000, 0x0000000100000000)
  region size 1024K, 14 young (14336K), 2 survivors (2048K)
 Metaspace       used 151214K, capacity 155435K, committed 155784K, reserved 1185792K
  class space    used 18053K, capacity 19603K, committed 19840K, reserved 1048576K
GC Heap History (20 events):
Event: 12942.613 GC heap before
{Heap before GC invocations=198 (full 0):
 garbage-first heap   total 335872K, used 166350K [0x0000000080000000, 0x0000000100000000)
  region size 1024K, 16 young (16384K), 3 survivors (3072K)
 Metaspace       used 150131K, capacity 154279K, committed 154760K, reserved 1183744K
  class space    used 17995K, capacity 19542K, committed 19840K, reserved 1048576K
}
Event: 12942.634 GC heap after
{Heap after GC invocations=199 (full 0):
 garbage-first heap   total 335872K, used 146870K [0x0000000080000000, 0x0000000100000000)
  region size 1024K, 2 young (2048K), 2 survivors (2048K)
 Metaspace       used 150131K, capacity 154279K, committed 154760K, reserved 1183744K
  class space    used 17995K, capacity 19542K, committed 19840K, reserved 1048576K
}
Event: 12943.289 GC heap before
{Heap before GC invocations=199 (full 0):
 garbage-first heap   total 335872K, used 177590K [0x0000000080000000, 0x0000000100000000)
  region size 1024K, 34 young (34816K), 2 survivors (2048K)
 Metaspace       used 150330K, capacity 154489K, committed 155016K, reserved 1185792K
  class space    used 17997K, capacity 19544K, committed 19840K, reserved 1048576K
}
Event: 12943.307 GC heap after
{Heap after GC invocations=200 (full 0):
 garbage-first heap   total 335872K, used 151552K [0x0000000080000000, 0x0000000100000000)
  region size 1024K, 6 young (6144K), 6 survivors (6144K)
 Metaspace       used 150330K, capacity 154489K, committed 155016K, reserved 1185792K
  class space    used 17997K, capacity 19544K, committed 19840K, reserved 1048576K
}
Event: 12944.102 GC heap before
{Heap before GC invocations=201 (full 0):
 garbage-first heap   total 335872K, used 208896K [0x0000000080000000, 0x0000000100000000)
  region size 1024K, 61 young (62464K), 6 survivors (6144K)
 Metaspace       used 150548K, capacity 154741K, committed 155272K, reserved 1185792K
  class space    used 18001K, capacity 19552K, committed 19840K, reserved 1048576K
}
Event: 12944.125 GC heap after
{Heap after GC invocations=202 (full 0):
 garbage-first heap   total 335872K, used 158018K [0x0000000080000000, 0x0000000100000000)
  region size 1024K, 7 young (7168K), 7 survivors (7168K)
 Metaspace       used 150548K, capacity 154741K, committed 155272K, reserved 1185792K
  class space    used 18001K, capacity 19552K, committed 19840K, reserved 1048576K
}
Event: 12944.344 GC heap before
{Heap before GC invocations=202 (full 0):
 garbage-first heap   total 335872K, used 167234K [0x0000000080000000, 0x0000000100000000)
  region size 1024K, 16 young (16384K), 7 survivors (7168K)
 Metaspace       used 150569K, capacity 154760K, committed 155272K, reserved 1185792K
  class space    used 18003K, capacity 19555K, committed 19840K, reserved 1048576K
}
Event: 12944.360 GC heap after
{Heap after GC invocations=203 (full 0):
 garbage-first heap   total 335872K, used 148803K [0x0000000080000000, 0x0000000100000000)
  region size 1024K, 1 young (1024K), 1 survivors (1024K)
 Metaspace       used 150569K, capacity 154760K, committed 155272K, reserved 1185792K
  class space    used 18003K, capacity 19555K, committed 19840K, reserved 1048576K
}
Event: 12944.555 GC heap before
{Heap before GC invocations=203 (full 0):
 garbage-first heap   total 335872K, used 169283K [0x0000000080000000, 0x0000000100000000)
  region size 1024K, 23 young (23552K), 1 survivors (1024K)
 Metaspace       used 150608K, capacity 154778K, committed 155272K, reserved 1185792K
  class space    used 18005K, capacity 19558K, committed 19840K, reserved 1048576K
}
Event: 12944.576 GC heap after
{Heap after GC invocations=204 (full 0):
 garbage-first heap   total 335872K, used 154435K [0x0000000080000000, 0x0000000100000000)
  region size 1024K, 7 young (7168K), 7 survivors (7168K)
 Metaspace       used 150608K, capacity 154778K, committed 155272K, reserved 1185792K
  class space    used 18005K, capacity 19558K, committed 19840K, reserved 1048576K
}
Event: 13088.322 GC heap before
{Heap before GC invocations=205 (full 0):
 garbage-first heap   total 335872K, used 237379K [0x0000000080000000, 0x0000000100000000)
  region size 1024K, 76 young (77824K), 7 survivors (7168K)
 Metaspace       used 150767K, capacity 155025K, committed 155528K, reserved 1185792K
  class space    used 18010K, capacity 19567K, committed 19840K, reserved 1048576K
}
Event: 13088.351 GC heap after
{Heap after GC invocations=206 (full 0):
 garbage-first heap   total 403456K, used 159610K [0x0000000080000000, 0x0000000100000000)
  region size 1024K, 10 young (10240K), 10 survivors (10240K)
 Metaspace       used 150767K, capacity 155025K, committed 155528K, reserved 1185792K
  class space    used 18010K, capacity 19567K, committed 19840K, reserved 1048576K
}
Event: 13088.417 GC heap before
{Heap before GC invocations=206 (full 0):
 garbage-first heap   total 403456K, used 168826K [0x0000000080000000, 0x0000000100000000)
  region size 1024K, 19 young (19456K), 10 survivors (10240K)
 Metaspace       used 150767K, capacity 155025K, committed 155528K, reserved 1185792K
  class space    used 18010K, capacity 19567K, committed 19840K, reserved 1048576K
}
Event: 13088.447 GC heap after
{Heap after GC invocations=207 (full 0):
 garbage-first heap   total 403456K, used 158183K [0x0000000080000000, 0x0000000100000000)
  region size 1024K, 3 young (3072K), 3 survivors (3072K)
 Metaspace       used 150767K, capacity 155025K, committed 155528K, reserved 1185792K
  class space    used 18010K, capacity 19567K, committed 19840K, reserved 1048576K
}
Event: 13088.604 GC heap before
{Heap before GC invocations=207 (full 0):
 garbage-first heap   total 403456K, used 176615K [0x0000000080000000, 0x0000000100000000)
  region size 1024K, 23 young (23552K), 3 survivors (3072K)
 Metaspace       used 150771K, capacity 155025K, committed 155528K, reserved 1185792K
  class space    used 18010K, capacity 19567K, committed 19840K, reserved 1048576K
}
Event: 13088.637 GC heap after
{Heap after GC invocations=208 (full 0):
 garbage-first heap   total 403456K, used 167007K [0x0000000080000000, 0x0000000100000000)
  region size 1024K, 12 young (12288K), 12 survivors (12288K)
 Metaspace       used 150771K, capacity 155025K, committed 155528K, reserved 1185792K
  class space    used 18010K, capacity 19567K, committed 19840K, reserved 1048576K
}
Event: 13117.294 GC heap before
{Heap before GC invocations=209 (full 0):
 garbage-first heap   total 403456K, used 241759K [0x0000000080000000, 0x0000000100000000)
  region size 1024K, 76 young (77824K), 12 survivors (12288K)
 Metaspace       used 151139K, capacity 155359K, committed 155784K, reserved 1185792K
  class space    used 18050K, capacity 19601K, committed 19840K, reserved 1048576K
}
Event: 13117.324 GC heap after
{Heap after GC invocations=210 (full 0):
 garbage-first heap   total 403456K, used 163282K [0x0000000080000000, 0x0000000100000000)
  region size 1024K, 7 young (7168K), 7 survivors (7168K)
 Metaspace       used 151139K, capacity 155359K, committed 155784K, reserved 1185792K
  class space    used 18050K, capacity 19601K, committed 19840K, reserved 1048576K
}
Event: 13117.967 GC heap before
{Heap before GC invocations=210 (full 0):
 garbage-first heap   total 403456K, used 175570K [0x0000000080000000, 0x0000000100000000)
  region size 1024K, 19 young (19456K), 7 survivors (7168K)
 Metaspace       used 151166K, capacity 155360K, committed 155784K, reserved 1185792K
  class space    used 18050K, capacity 19601K, committed 19840K, reserved 1048576K
}
Event: 13118.003 GC heap after
{Heap after GC invocations=211 (full 0):
 garbage-first heap   total 403456K, used 157648K [0x0000000080000000, 0x0000000100000000)
  region size 1024K, 2 young (2048K), 2 survivors (2048K)
 Metaspace       used 151166K, capacity 155360K, committed 155784K, reserved 1185792K
  class space    used 18050K, capacity 19601K, committed 19840K, reserved 1048576K
}

