# JRE version: OpenJDK Runtime Environment Temurin-11.0.14.1+1 (11.0.14.1+1) (build 11.0.14.1+1)
# Java VM: OpenJDK 64-Bit Server VM Temurin-11.0.14.1+1 (11.0.14.1+1, mixed mode, tiered, compressed oops, g1 gc, windows-amd64)
Heap:
 garbage-first heap   total 236544K, used 47104K [0x0000000080000000, 0x0000000100000000)
  region size 1024K, 13 young (13312K), 13 survivors (13312K)
 Metaspace       used 58981K, capacity 60365K, committed 60508K, reserved 1101824K
  class space    used 7343K, capacity 7858K, committed 7968K, reserved 1048576K
GC Heap History (19 events):
Event: 0.891 GC heap before
{Heap before GC invocations=0 (full 0):
 garbage-first heap   total 163840K, used 19456K [0x0000000080000000, 0x0000000100000000)
  region size 1024K, 14 young (14336K), 0 survivors (0K)
 Metaspace       used 6742K, capacity 6933K, committed 7168K, reserved 1056768K
  class space    used 570K, capacity 650K, committed 768K, reserved 1048576K
}
Event: 0.897 GC heap after
{Heap after GC invocations=1 (full 0):
 garbage-first heap   total 163840K, used 7612K [0x0000000080000000, 0x0000000100000000)
  region size 1024K, 2 young (2048K), 2 survivors (2048K)
 Metaspace       used 6742K, capacity 6933K, committed 7168K, reserved 1056768K
  class space    used 570K, capacity 650K, committed 768K, reserved 1048576K
}
Event: 1.382 GC heap before
{Heap before GC invocations=1 (full 0):
 garbage-first heap   total 163840K, used 18876K [0x0000000080000000, 0x0000000100000000)
  region size 1024K, 13 young (13312K), 2 survivors (2048K)
 Metaspace       used 10199K, capacity 10433K, committed 10624K, reserved 1058816K
  class space    used 1042K, capacity 1139K, committed 1152K, reserved 1048576K
}
Event: 1.387 GC heap after
{Heap after GC invocations=2 (full 0):
 garbage-first heap   total 163840K, used 9341K [0x0000000080000000, 0x0000000100000000)
  region size 1024K, 2 young (2048K), 2 survivors (2048K)
 Metaspace       used 10199K, capacity 10433K, committed 10624K, reserved 1058816K
  class space    used 1042K, capacity 1139K, committed 1152K, reserved 1048576K
}
Event: 2.209 GC heap before
{Heap before GC invocations=2 (full 0):
 garbage-first heap   total 163840K, used 36989K [0x0000000080000000, 0x0000000100000000)
  region size 1024K, 28 young (28672K), 2 survivors (2048K)
 Metaspace       used 11204K, capacity 11452K, committed 11520K, reserved 1058816K
  class space    used 1143K, capacity 1244K, committed 1280K, reserved 1048576K
}
Event: 2.217 GC heap after
{Heap after GC invocations=3 (full 0):
 garbage-first heap   total 163840K, used 12623K [0x0000000080000000, 0x0000000100000000)
  region size 1024K, 4 young (4096K), 4 survivors (4096K)
 Metaspace       used 11204K, capacity 11452K, committed 11520K, reserved 1058816K
  class space    used 1143K, capacity 1244K, committed 1280K, reserved 1048576K
}
Event: 4.433 GC heap before
{Heap before GC invocations=3 (full 0):
 garbage-first heap   total 163840K, used 51535K [0x0000000080000000, 0x0000000100000000)
  region size 1024K, 42 young (43008K), 4 survivors (4096K)
 Metaspace       used 17572K, capacity 17966K, committed 18176K, reserved 1064960K
  class space    used 2044K, capacity 2185K, committed 2304K, reserved 1048576K
}
Event: 4.442 GC heap after
{Heap after GC invocations=4 (full 0):
 garbage-first heap   total 163840K, used 16446K [0x0000000080000000, 0x0000000100000000)
  region size 1024K, 6 young (6144K), 6 survivors (6144K)
 Metaspace       used 17572K, capacity 17966K, committed 18176K, reserved 1064960K
  class space    used 2044K, capacity 2185K, committed 2304K, reserved 1048576K
}
Event: 4.935 GC heap before
{Heap before GC invocations=4 (full 0):
 garbage-first heap   total 163840K, used 41022K [0x0000000080000000, 0x0000000100000000)
  region size 1024K, 31 young (31744K), 6 survivors (6144K)
 Metaspace       used 20759K, capacity 21195K, committed 21296K, reserved 1069056K
  class space    used 2505K, capacity 2669K, committed 2688K, reserved 1048576K
}
Event: 4.946 GC heap after
{Heap after GC invocations=5 (full 0):
 garbage-first heap   total 163840K, used 17139K [0x0000000080000000, 0x0000000100000000)
  region size 1024K, 4 young (4096K), 4 survivors (4096K)
 Metaspace       used 20759K, capacity 21195K, committed 21296K, reserved 1069056K
  class space    used 2505K, capacity 2669K, committed 2688K, reserved 1048576K
}
Event: 5.913 GC heap before
{Heap before GC invocations=6 (full 0):
 garbage-first heap   total 163840K, used 68339K [0x0000000080000000, 0x0000000100000000)
  region size 1024K, 54 young (55296K), 4 survivors (4096K)
 Metaspace       used 25847K, capacity 26450K, committed 26620K, reserved 1073152K
  class space    used 3332K, capacity 3551K, committed 3660K, reserved 1048576K
}
Event: 5.926 GC heap after
{Heap after GC invocations=7 (full 0):
 garbage-first heap   total 196608K, used 19124K [0x0000000080000000, 0x0000000100000000)
  region size 1024K, 3 young (3072K), 3 survivors (3072K)
 Metaspace       used 25847K, capacity 26450K, committed 26620K, reserved 1073152K
  class space    used 3332K, capacity 3551K, committed 3660K, reserved 1048576K
}
Event: 7.494 GC heap before
{Heap before GC invocations=7 (full 0):
 garbage-first heap   total 196608K, used 81588K [0x0000000080000000, 0x0000000100000000)
  region size 1024K, 65 young (66560K), 3 survivors (3072K)
 Metaspace       used 35186K, capacity 35990K, committed 36048K, reserved 1081344K
  class space    used 4509K, capacity 4863K, committed 4896K, reserved 1048576K
}
Event: 7.513 GC heap after
{Heap after GC invocations=8 (full 0):
 garbage-first heap   total 196608K, used 22683K [0x0000000080000000, 0x0000000100000000)
  region size 1024K, 7 young (7168K), 7 survivors (7168K)
 Metaspace       used 35186K, capacity 35990K, committed 36048K, reserved 1081344K
  class space    used 4509K, capacity 4863K, committed 4896K, reserved 1048576K
}
Event: 10.106 GC heap before
{Heap before GC invocations=9 (full 0):
 garbage-first heap   total 196608K, used 107675K [0x0000000080000000, 0x0000000100000000)
  region size 1024K, 88 young (90112K), 7 survivors (7168K)
 Metaspace       used 41076K, capacity 42065K, committed 42192K, reserved 1085440K
  class space    used 5202K, capacity 5553K, committed 5664K, reserved 1048576K
}
Event: 10.131 GC heap after
{Heap after GC invocations=10 (full 0):
 garbage-first heap   total 196608K, used 28651K [0x0000000080000000, 0x0000000100000000)
  region size 1024K, 11 young (11264K), 11 survivors (11264K)
 Metaspace       used 41076K, capacity 42065K, committed 42192K, reserved 1085440K
  class space    used 5202K, capacity 5553K, committed 5664K, reserved 1048576K
}
Event: 18.326 GC heap before
{Heap before GC invocations=10 (full 0):
 garbage-first heap   total 196608K, used 135147K [0x0000000080000000, 0x0000000100000000)
  region size 1024K, 112 young (114688K), 11 survivors (11264K)
 Metaspace       used 47839K, capacity 49078K, committed 49232K, reserved 1091584K
  class space    used 6012K, capacity 6457K, committed 6560K, reserved 1048576K
}
Event: 18.357 GC heap after
{Heap after GC invocations=11 (full 0):
 garbage-first heap   total 196608K, used 39107K [0x0000000080000000, 0x0000000100000000)
  region size 1024K, 13 young (13312K), 13 survivors (13312K)
 Metaspace       used 47839K, capacity 49078K, committed 49232K, reserved 1091584K
  class space    used 6012K, capacity 6457K, committed 6560K, reserved 1048576K
}
Event: 24.457 GC heap before
{Heap before GC invocations=11 (full 0):
 garbage-first heap   total 196608K, used 127171K [0x0000000080000000, 0x0000000100000000)
  region size 1024K, 99 young (101376K), 13 survivors (13312K)
 Metaspace       used 58981K, capacity 60365K, committed 60508K, reserved 1101824K
  class space    used 7343K, capacity 7858K, committed 7968K, reserved 1048576K
}

