# JRE version: OpenJDK Runtime Environment Temurin-11.0.14.1+1 (11.0.14.1+1) (build 11.0.14.1+1)
# Java VM: OpenJDK 64-Bit Server VM Temurin-11.0.14.1+1 (11.0.14.1+1, mixed mode, tiered, compressed oops, g1 gc, windows-amd64)
Heap:
 garbage-first heap   total 196608K, used 73728K [0x0000000080000000, 0x0000000100000000)
  region size 1024K, 21 young (21504K), 11 survivors (11264K)
 Metaspace       used 81238K, capacity 83184K, committed 83368K, reserved 1122304K
  class space    used 10326K, capacity 11031K, committed 11040K, reserved 1048576K
GC Heap History (20 events):
Event: 10.567 GC heap before
{Heap before GC invocations=6 (full 0):
 garbage-first heap   total 163840K, used 64687K [0x0000000080000000, 0x0000000100000000)
  region size 1024K, 51 young (52224K), 5 survivors (5120K)
 Metaspace       used 25546K, capacity 26081K, committed 26236K, reserved 1073152K
  class space    used 3267K, capacity 3468K, committed 3532K, reserved 1048576K
}
Event: 10.578 GC heap after
{Heap after GC invocations=7 (full 0):
 garbage-first heap   total 163840K, used 19397K [0x0000000080000000, 0x0000000100000000)
  region size 1024K, 3 young (3072K), 3 survivors (3072K)
 Metaspace       used 25546K, capacity 26081K, committed 26236K, reserved 1073152K
  class space    used 3267K, capacity 3468K, committed 3532K, reserved 1048576K
}
Event: 14.214 GC heap before
{Heap before GC invocations=7 (full 0):
 garbage-first heap   total 163840K, used 83909K [0x0000000080000000, 0x0000000100000000)
  region size 1024K, 66 young (67584K), 3 survivors (3072K)
 Metaspace       used 35096K, capacity 35866K, committed 35964K, reserved 1081344K
  class space    used 4487K, capacity 4799K, committed 4812K, reserved 1048576K
}
Event: 14.228 GC heap after
{Heap after GC invocations=8 (full 0):
 garbage-first heap   total 163840K, used 23143K [0x0000000080000000, 0x0000000100000000)
  region size 1024K, 7 young (7168K), 7 survivors (7168K)
 Metaspace       used 35096K, capacity 35866K, committed 35964K, reserved 1081344K
  class space    used 4487K, capacity 4799K, committed 4812K, reserved 1048576K
}
Event: 14.256 GC heap before
{Heap before GC invocations=8 (full 0):
 garbage-first heap   total 163840K, used 23143K [0x0000000080000000, 0x0000000100000000)
  region size 1024K, 8 young (8192K), 7 survivors (7168K)
 Metaspace       used 35200K, capacity 35962K, committed 36048K, reserved 1081344K
  class space    used 4500K, capacity 4831K, committed 4896K, reserved 1048576K
}
Event: 14.273 GC heap after
{Heap after GC invocations=9 (full 0):
 garbage-first heap   total 163840K, used 23268K [0x0000000080000000, 0x0000000100000000)
  region size 1024K, 4 young (4096K), 4 survivors (4096K)
 Metaspace       used 35200K, capacity 35962K, committed 36048K, reserved 1081344K
  class space    used 4500K, capacity 4831K, committed 4896K, reserved 1048576K
}
Event: 16.937 GC heap before
{Heap before GC invocations=10 (full 0):
 garbage-first heap   total 163840K, used 96996K [0x0000000080000000, 0x0000000100000000)
  region size 1024K, 74 young (75776K), 4 survivors (4096K)
 Metaspace       used 40237K, capacity 41230K, committed 41552K, reserved 1085440K
  class space    used 5057K, capacity 5410K, committed 5536K, reserved 1048576K
}
Event: 16.962 GC heap after
{Heap after GC invocations=11 (full 0):
 garbage-first heap   total 163840K, used 28859K [0x0000000080000000, 0x0000000100000000)
  region size 1024K, 10 young (10240K), 10 survivors (10240K)
 Metaspace       used 40237K, capacity 41230K, committed 41552K, reserved 1085440K
  class space    used 5057K, capacity 5410K, committed 5536K, reserved 1048576K
}
Event: 19.277 GC heap before
{Heap before GC invocations=11 (full 0):
 garbage-first heap   total 163840K, used 104635K [0x0000000080000000, 0x0000000100000000)
  region size 1024K, 83 young (84992K), 10 survivors (10240K)
 Metaspace       used 46812K, capacity 48012K, committed 48336K, reserved 1091584K
  class space    used 5920K, capacity 6342K, committed 6432K, reserved 1048576K
}
Event: 19.306 GC heap after
{Heap after GC invocations=12 (full 0):
 garbage-first heap   total 163840K, used 30976K [0x0000000080000000, 0x0000000100000000)
  region size 1024K, 8 young (8192K), 8 survivors (8192K)
 Metaspace       used 46812K, capacity 48012K, committed 48336K, reserved 1091584K
  class space    used 5920K, capacity 6342K, committed 6432K, reserved 1048576K
}
Event: 23.044 GC heap before
{Heap before GC invocations=12 (full 0):
 garbage-first heap   total 163840K, used 123136K [0x0000000080000000, 0x0000000100000000)
  region size 1024K, 93 young (95232K), 8 survivors (8192K)
 Metaspace       used 53549K, capacity 54924K, committed 55120K, reserved 1097728K
  class space    used 6717K, capacity 7217K, committed 7328K, reserved 1048576K
}
Event: 23.076 GC heap after
{Heap after GC invocations=13 (full 0):
 garbage-first heap   total 163840K, used 45474K [0x0000000080000000, 0x0000000100000000)
  region size 1024K, 12 young (12288K), 12 survivors (12288K)
 Metaspace       used 53549K, capacity 54924K, committed 55120K, reserved 1097728K
  class space    used 6717K, capacity 7217K, committed 7328K, reserved 1048576K
}
Event: 24.595 GC heap before
{Heap before GC invocations=13 (full 0):
 garbage-first heap   total 163840K, used 80290K [0x0000000080000000, 0x0000000100000000)
  region size 1024K, 47 young (48128K), 12 survivors (12288K)
 Metaspace       used 58854K, capacity 60276K, committed 60496K, reserved 1101824K
  class space    used 7309K, capacity 7823K, committed 7840K, reserved 1048576K
}
Event: 24.628 GC heap after
{Heap after GC invocations=14 (full 0):
 garbage-first heap   total 163840K, used 47017K [0x0000000080000000, 0x0000000100000000)
  region size 1024K, 2 young (2048K), 2 survivors (2048K)
 Metaspace       used 58854K, capacity 60276K, committed 60496K, reserved 1101824K
  class space    used 7309K, capacity 7823K, committed 7840K, reserved 1048576K
}
Event: 28.098 GC heap before
{Heap before GC invocations=15 (full 0):
 garbage-first heap   total 163840K, used 115625K [0x0000000080000000, 0x0000000100000000)
  region size 1024K, 69 young (70656K), 2 survivors (2048K)
 Metaspace       used 65698K, capacity 67253K, committed 67496K, reserved 1107968K
  class space    used 8182K, capacity 8729K, committed 8736K, reserved 1048576K
}
Event: 28.116 GC heap after
{Heap after GC invocations=16 (full 0):
 garbage-first heap   total 196608K, used 52224K [0x0000000080000000, 0x0000000100000000)
  region size 1024K, 7 young (7168K), 7 survivors (7168K)
 Metaspace       used 65698K, capacity 67253K, committed 67496K, reserved 1107968K
  class space    used 8182K, capacity 8729K, committed 8736K, reserved 1048576K
}
Event: 32.051 GC heap before
{Heap before GC invocations=16 (full 0):
 garbage-first heap   total 196608K, used 134144K [0x0000000080000000, 0x0000000100000000)
  region size 1024K, 87 young (89088K), 7 survivors (7168K)
 Metaspace       used 71931K, capacity 73585K, committed 73640K, reserved 1114112K
  class space    used 9149K, capacity 9744K, committed 9760K, reserved 1048576K
}
Event: 32.082 GC heap after
{Heap after GC invocations=17 (full 0):
 garbage-first heap   total 196608K, used 58085K [0x0000000080000000, 0x0000000100000000)
  region size 1024K, 6 young (6144K), 6 survivors (6144K)
 Metaspace       used 71931K, capacity 73585K, committed 73640K, reserved 1114112K
  class space    used 9149K, capacity 9744K, committed 9760K, reserved 1048576K
}
Event: 36.377 GC heap before
{Heap before GC invocations=17 (full 0):
 garbage-first heap   total 196608K, used 140005K [0x0000000080000000, 0x0000000100000000)
  region size 1024K, 86 young (88064K), 6 survivors (6144K)
 Metaspace       used 79891K, capacity 81835K, committed 82088K, reserved 1120256K
  class space    used 10208K, capacity 10927K, committed 11040K, reserved 1048576K
}
Event: 36.403 GC heap after
{Heap after GC invocations=18 (full 0):
 garbage-first heap   total 196608K, used 64512K [0x0000000080000000, 0x0000000100000000)
  region size 1024K, 11 young (11264K), 11 survivors (11264K)
 Metaspace       used 79891K, capacity 81835K, committed 82088K, reserved 1120256K
  class space    used 10208K, capacity 10927K, committed 11040K, reserved 1048576K
}

