# JRE version: OpenJDK Runtime Environment Temurin-11.0.14.1+1 (11.0.14.1+1) (build 11.0.14.1+1)
# Java VM: OpenJDK 64-Bit Server VM Temurin-11.0.14.1+1 (11.0.14.1+1, mixed mode, tiered, compressed oops, g1 gc, windows-amd64)
Heap:
 garbage-first heap   total 163840K, used 111374K [0x0000000080000000, 0x0000000100000000)
  region size 1024K, 20 young (20480K), 1 survivors (1024K)
 Metaspace       used 131822K, capacity 135311K, committed 135380K, reserved 1167360K
  class space    used 15799K, capacity 17122K, committed 17152K, reserved 1048576K
GC Heap History (20 events):
Event: 6137.983 GC heap before
{Heap before GC invocations=198 (full 0):
 garbage-first heap   total 163840K, used 141523K [0x0000000080000000, 0x0000000100000000)
  region size 1024K, 27 young (27648K), 2 survivors (2048K)
 Metaspace       used 131583K, capacity 135127K, committed 135380K, reserved 1167360K
  class space    used 15794K, capacity 17113K, committed 17152K, reserved 1048576K
}
Event: 6137.994 GC heap after
{Heap after GC invocations=199 (full 0):
 garbage-first heap   total 163840K, used 103947K [0x0000000080000000, 0x0000000100000000)
  region size 1024K, 4 young (4096K), 4 survivors (4096K)
 Metaspace       used 131583K, capacity 135127K, committed 135380K, reserved 1167360K
  class space    used 15794K, capacity 17113K, committed 17152K, reserved 1048576K
}
Event: 6138.054 GC heap before
{Heap before GC invocations=199 (full 0):
 garbage-first heap   total 163840K, used 108043K [0x0000000080000000, 0x0000000100000000)
  region size 1024K, 8 young (8192K), 4 survivors (4096K)
 Metaspace       used 131586K, capacity 135127K, committed 135380K, reserved 1167360K
  class space    used 15794K, capacity 17113K, committed 17152K, reserved 1048576K
}
Event: 6138.064 GC heap after
{Heap after GC invocations=200 (full 0):
 garbage-first heap   total 163840K, used 104259K [0x0000000080000000, 0x0000000100000000)
  region size 1024K, 1 young (1024K), 1 survivors (1024K)
 Metaspace       used 131586K, capacity 135127K, committed 135380K, reserved 1167360K
  class space    used 15794K, capacity 17113K, committed 17152K, reserved 1048576K
}
Event: 6138.524 GC heap before
{Heap before GC invocations=200 (full 0):
 garbage-first heap   total 163840K, used 129859K [0x0000000080000000, 0x0000000100000000)
  region size 1024K, 26 young (26624K), 1 survivors (1024K)
 Metaspace       used 131609K, capacity 135127K, committed 135380K, reserved 1167360K
  class space    used 15794K, capacity 17113K, committed 17152K, reserved 1048576K
}
Event: 6138.541 GC heap after
{Heap after GC invocations=201 (full 0):
 garbage-first heap   total 163840K, used 111761K [0x0000000080000000, 0x0000000100000000)
  region size 1024K, 4 young (4096K), 4 survivors (4096K)
 Metaspace       used 131609K, capacity 135127K, committed 135380K, reserved 1167360K
  class space    used 15794K, capacity 17113K, committed 17152K, reserved 1048576K
}
Event: 6142.467 GC heap before
{Heap before GC invocations=202 (full 0):
 garbage-first heap   total 163840K, used 120977K [0x0000000080000000, 0x0000000100000000)
  region size 1024K, 24 young (24576K), 4 survivors (4096K)
 Metaspace       used 131653K, capacity 135205K, committed 135380K, reserved 1167360K
  class space    used 15795K, capacity 17115K, committed 17152K, reserved 1048576K
}
Event: 6142.483 GC heap after
{Heap after GC invocations=203 (full 0):
 garbage-first heap   total 163840K, used 102737K [0x0000000080000000, 0x0000000100000000)
  region size 1024K, 3 young (3072K), 3 survivors (3072K)
 Metaspace       used 131653K, capacity 135205K, committed 135380K, reserved 1167360K
  class space    used 15795K, capacity 17115K, committed 17152K, reserved 1048576K
}
Event: 6142.499 GC heap before
{Heap before GC invocations=203 (full 0):
 garbage-first heap   total 163840K, used 107857K [0x0000000080000000, 0x0000000100000000)
  region size 1024K, 8 young (8192K), 3 survivors (3072K)
 Metaspace       used 131653K, capacity 135205K, committed 135380K, reserved 1167360K
  class space    used 15795K, capacity 17115K, committed 17152K, reserved 1048576K
}
Event: 6142.524 GC heap after
{Heap after GC invocations=204 (full 0):
 garbage-first heap   total 163840K, used 96256K [0x0000000080000000, 0x0000000100000000)
  region size 1024K, 1 young (1024K), 1 survivors (1024K)
 Metaspace       used 131653K, capacity 135205K, committed 135380K, reserved 1167360K
  class space    used 15795K, capacity 17115K, committed 17152K, reserved 1048576K
}
Event: 6142.645 GC heap before
{Heap before GC invocations=204 (full 0):
 garbage-first heap   total 163840K, used 124928K [0x0000000080000000, 0x0000000100000000)
  region size 1024K, 30 young (30720K), 1 survivors (1024K)
 Metaspace       used 131656K, capacity 135205K, committed 135380K, reserved 1167360K
  class space    used 15795K, capacity 17115K, committed 17152K, reserved 1048576K
}
Event: 6142.663 GC heap after
{Heap after GC invocations=205 (full 0):
 garbage-first heap   total 163840K, used 98868K [0x0000000080000000, 0x0000000100000000)
  region size 1024K, 4 young (4096K), 4 survivors (4096K)
 Metaspace       used 131656K, capacity 135205K, committed 135380K, reserved 1167360K
  class space    used 15795K, capacity 17115K, committed 17152K, reserved 1048576K
}
Event: 6436.067 GC heap before
{Heap before GC invocations=206 (full 0):
 garbage-first heap   total 163840K, used 133684K [0x0000000080000000, 0x0000000100000000)
  region size 1024K, 33 young (33792K), 4 survivors (4096K)
 Metaspace       used 131683K, capacity 135218K, committed 135380K, reserved 1167360K
  class space    used 15797K, capacity 17118K, committed 17152K, reserved 1048576K
}
Event: 6436.074 GC heap after
{Heap after GC invocations=207 (full 0):
 garbage-first heap   total 163840K, used 92887K [0x0000000080000000, 0x0000000100000000)
  region size 1024K, 1 young (1024K), 1 survivors (1024K)
 Metaspace       used 131683K, capacity 135218K, committed 135380K, reserved 1167360K
  class space    used 15797K, capacity 17118K, committed 17152K, reserved 1048576K
}
Event: 6575.464 GC heap before
{Heap before GC invocations=207 (full 0):
 garbage-first heap   total 163840K, used 99031K [0x0000000080000000, 0x0000000100000000)
  region size 1024K, 8 young (8192K), 1 survivors (1024K)
 Metaspace       used 131698K, capacity 135218K, committed 135380K, reserved 1167360K
  class space    used 15797K, capacity 17118K, committed 17152K, reserved 1048576K
}
Event: 6575.478 GC heap after
{Heap after GC invocations=208 (full 0):
 garbage-first heap   total 163840K, used 88227K [0x0000000080000000, 0x0000000100000000)
  region size 1024K, 1 young (1024K), 1 survivors (1024K)
 Metaspace       used 131698K, capacity 135218K, committed 135380K, reserved 1167360K
  class space    used 15797K, capacity 17118K, committed 17152K, reserved 1048576K
}
Event: 6576.283 GC heap before
{Heap before GC invocations=208 (full 0):
 garbage-first heap   total 163840K, used 118947K [0x0000000080000000, 0x0000000100000000)
  region size 1024K, 33 young (33792K), 1 survivors (1024K)
 Metaspace       used 131774K, capacity 135302K, committed 135380K, reserved 1167360K
  class space    used 15799K, capacity 17121K, committed 17152K, reserved 1048576K
}
Event: 6576.306 GC heap after
{Heap after GC invocations=209 (full 0):
 garbage-first heap   total 163840K, used 93121K [0x0000000080000000, 0x0000000100000000)
  region size 1024K, 5 young (5120K), 5 survivors (5120K)
 Metaspace       used 131774K, capacity 135302K, committed 135380K, reserved 1167360K
  class space    used 15799K, capacity 17121K, committed 17152K, reserved 1048576K
}
Event: 6576.756 GC heap before
{Heap before GC invocations=209 (full 0):
 garbage-first heap   total 163840K, used 143297K [0x0000000080000000, 0x0000000100000000)
  region size 1024K, 38 young (38912K), 5 survivors (5120K)
 Metaspace       used 131788K, capacity 135308K, committed 135380K, reserved 1167360K
  class space    used 15799K, capacity 17122K, committed 17152K, reserved 1048576K
}
Event: 6576.770 GC heap after
{Heap after GC invocations=210 (full 0):
 garbage-first heap   total 163840K, used 93966K [0x0000000080000000, 0x0000000100000000)
  region size 1024K, 1 young (1024K), 1 survivors (1024K)
 Metaspace       used 131788K, capacity 135308K, committed 135380K, reserved 1167360K
  class space    used 15799K, capacity 17122K, committed 17152K, reserved 1048576K
}

