# JRE version: OpenJDK Runtime Environment (11.0.12+7) (build 11.0.12+7-b1504.28-7817840)
# Java VM: OpenJDK 64-Bit Server VM (11.0.12+7-b1504.28-7817840, mixed mode, tiered, compressed oops, g1 gc, windows-amd64)
Heap:
 garbage-first heap   total 236544K, used 128125K [0x0000000080000000, 0x0000000100000000)
  region size 1024K, 6 young (6144K), 6 survivors (6144K)
 Metaspace       used 99175K, capacity 101926K, committed 102016K, reserved 1146880K
  class space    used 12642K, capacity 13648K, committed 13696K, reserved 1048576K
GC Heap History (20 events):
Event: 26.210 GC heap before
{Heap before GC invocations=20 (full 0):
 garbage-first heap   total 196608K, used 143591K [0x0000000080000000, 0x0000000100000000)
  region size 1024K, 66 young (67584K), 8 survivors (8192K)
 Metaspace       used 78802K, capacity 80948K, committed 81152K, reserved 1120256K
  class space    used 10199K, capacity 10996K, committed 11008K, reserved 1048576K
}
Event: 26.251 GC heap after
{Heap after GC invocations=21 (full 0):
 garbage-first heap   total 196608K, used 91575K [0x0000000080000000, 0x0000000100000000)
  region size 1024K, 9 young (9216K), 9 survivors (9216K)
 Metaspace       used 78802K, capacity 80948K, committed 81152K, reserved 1120256K
  class space    used 10199K, capacity 10996K, committed 11008K, reserved 1048576K
}
Event: 26.276 GC heap before
{Heap before GC invocations=21 (full 0):
 garbage-first heap   total 196608K, used 96695K [0x0000000080000000, 0x0000000100000000)
  region size 1024K, 11 young (11264K), 9 survivors (9216K)
 Metaspace       used 78802K, capacity 80948K, committed 81152K, reserved 1120256K
  class space    used 10199K, capacity 10996K, committed 11008K, reserved 1048576K
}
Event: 26.295 GC heap after
{Heap after GC invocations=22 (full 0):
 garbage-first heap   total 196608K, used 98871K [0x0000000080000000, 0x0000000100000000)
  region size 1024K, 3 young (3072K), 3 survivors (3072K)
 Metaspace       used 78802K, capacity 80948K, committed 81152K, reserved 1120256K
  class space    used 10199K, capacity 10996K, committed 11008K, reserved 1048576K
}
Event: 27.402 GC heap before
{Heap before GC invocations=23 (full 0):
 garbage-first heap   total 196608K, used 136759K [0x0000000080000000, 0x0000000100000000)
  region size 1024K, 36 young (36864K), 3 survivors (3072K)
 Metaspace       used 80934K, capacity 83258K, committed 83328K, reserved 1122304K
  class space    used 10507K, capacity 11349K, committed 11392K, reserved 1048576K
}
Event: 27.414 GC heap after
{Heap after GC invocations=24 (full 0):
 garbage-first heap   total 196608K, used 105472K [0x0000000080000000, 0x0000000100000000)
  region size 1024K, 5 young (5120K), 5 survivors (5120K)
 Metaspace       used 80934K, capacity 83258K, committed 83328K, reserved 1122304K
  class space    used 10507K, capacity 11349K, committed 11392K, reserved 1048576K
}
Event: 27.856 GC heap before
{Heap before GC invocations=24 (full 0):
 garbage-first heap   total 196608K, used 126976K [0x0000000080000000, 0x0000000100000000)
  region size 1024K, 27 young (27648K), 5 survivors (5120K)
 Metaspace       used 82660K, capacity 84997K, committed 85248K, reserved 1122304K
  class space    used 10705K, capacity 11517K, committed 11520K, reserved 1048576K
}
Event: 27.865 GC heap after
{Heap after GC invocations=25 (full 0):
 garbage-first heap   total 196608K, used 106922K [0x0000000080000000, 0x0000000100000000)
  region size 1024K, 2 young (2048K), 2 survivors (2048K)
 Metaspace       used 82660K, capacity 84997K, committed 85248K, reserved 1122304K
  class space    used 10705K, capacity 11517K, committed 11520K, reserved 1048576K
}
Event: 28.761 GC heap before
{Heap before GC invocations=26 (full 0):
 garbage-first heap   total 196608K, used 140714K [0x0000000080000000, 0x0000000100000000)
  region size 1024K, 34 young (34816K), 2 survivors (2048K)
 Metaspace       used 86736K, capacity 89130K, committed 89216K, reserved 1126400K
  class space    used 11226K, capacity 12103K, committed 12160K, reserved 1048576K
}
Event: 28.771 GC heap after
{Heap after GC invocations=27 (full 0):
 garbage-first heap   total 196608K, used 107018K [0x0000000080000000, 0x0000000100000000)
  region size 1024K, 2 young (2048K), 2 survivors (2048K)
 Metaspace       used 86736K, capacity 89130K, committed 89216K, reserved 1126400K
  class space    used 11226K, capacity 12103K, committed 12160K, reserved 1048576K
}
Event: 30.109 GC heap before
{Heap before GC invocations=27 (full 0):
 garbage-first heap   total 196608K, used 143882K [0x0000000080000000, 0x0000000100000000)
  region size 1024K, 38 young (38912K), 2 survivors (2048K)
 Metaspace       used 90835K, capacity 93320K, committed 93568K, reserved 1130496K
  class space    used 11743K, capacity 12626K, committed 12672K, reserved 1048576K
}
Event: 30.130 GC heap after
{Heap after GC invocations=28 (full 0):
 garbage-first heap   total 196608K, used 109730K [0x0000000080000000, 0x0000000100000000)
  region size 1024K, 5 young (5120K), 5 survivors (5120K)
 Metaspace       used 90835K, capacity 93320K, committed 93568K, reserved 1130496K
  class space    used 11743K, capacity 12626K, committed 12672K, reserved 1048576K
}
Event: 31.730 GC heap before
{Heap before GC invocations=29 (full 0):
 garbage-first heap   total 196608K, used 147618K [0x0000000080000000, 0x0000000100000000)
  region size 1024K, 42 young (43008K), 5 survivors (5120K)
 Metaspace       used 94416K, capacity 96990K, committed 97152K, reserved 1132544K
  class space    used 12181K, capacity 13088K, committed 13184K, reserved 1048576K
}
Event: 31.754 GC heap after
{Heap after GC invocations=30 (full 0):
 garbage-first heap   total 196608K, used 113256K [0x0000000080000000, 0x0000000100000000)
  region size 1024K, 6 young (6144K), 6 survivors (6144K)
 Metaspace       used 94416K, capacity 96990K, committed 97152K, reserved 1132544K
  class space    used 12181K, capacity 13088K, committed 13184K, reserved 1048576K
}
Event: 32.765 GC heap before
{Heap before GC invocations=30 (full 0):
 garbage-first heap   total 196608K, used 151144K [0x0000000080000000, 0x0000000100000000)
  region size 1024K, 44 young (45056K), 6 survivors (6144K)
 Metaspace       used 95103K, capacity 97709K, committed 97920K, reserved 1134592K
  class space    used 12206K, capacity 13140K, committed 13184K, reserved 1048576K
}
Event: 32.796 GC heap after
{Heap after GC invocations=31 (full 0):
 garbage-first heap   total 236544K, used 118355K [0x0000000080000000, 0x0000000100000000)
  region size 1024K, 5 young (5120K), 5 survivors (5120K)
 Metaspace       used 95103K, capacity 97709K, committed 97920K, reserved 1134592K
  class space    used 12206K, capacity 13140K, committed 13184K, reserved 1048576K
}
Event: 34.547 GC heap before
{Heap before GC invocations=32 (full 0):
 garbage-first heap   total 236544K, used 169555K [0x0000000080000000, 0x0000000100000000)
  region size 1024K, 56 young (57344K), 5 survivors (5120K)
 Metaspace       used 95748K, capacity 98371K, committed 98432K, reserved 1134592K
  class space    used 12240K, capacity 13172K, committed 13184K, reserved 1048576K
}
Event: 34.567 GC heap after
{Heap after GC invocations=33 (full 0):
 garbage-first heap   total 236544K, used 122003K [0x0000000080000000, 0x0000000100000000)
  region size 1024K, 4 young (4096K), 4 survivors (4096K)
 Metaspace       used 95748K, capacity 98371K, committed 98432K, reserved 1134592K
  class space    used 12240K, capacity 13172K, committed 13184K, reserved 1048576K
}
Event: 36.255 GC heap before
{Heap before GC invocations=33 (full 0):
 garbage-first heap   total 236544K, used 175251K [0x0000000080000000, 0x0000000100000000)
  region size 1024K, 56 young (57344K), 4 survivors (4096K)
 Metaspace       used 96884K, capacity 99568K, committed 99712K, reserved 1136640K
  class space    used 12346K, capacity 13341K, committed 13440K, reserved 1048576K
}
Event: 36.274 GC heap after
{Heap after GC invocations=34 (full 0):
 garbage-first heap   total 236544K, used 125952K [0x0000000080000000, 0x0000000100000000)
  region size 1024K, 7 young (7168K), 7 survivors (7168K)
 Metaspace       used 96884K, capacity 99568K, committed 99712K, reserved 1136640K
  class space    used 12346K, capacity 13341K, committed 13440K, reserved 1048576K
}

