# JRE version: OpenJDK Runtime Environment Temurin-11.0.14.1+1 (11.0.14.1+1) (build 11.0.14.1+1)
# Java VM: OpenJDK 64-Bit Server VM Temurin-11.0.14.1+1 (11.0.14.1+1, mixed mode, tiered, compressed oops, g1 gc, windows-amd64)
Heap:
 garbage-first heap   total 163840K, used 40058K [0x0000000080000000, 0x0000000100000000)
  region size 1024K, 24 young (24576K), 3 survivors (3072K)
 Metaspace       used 27768K, capacity 28375K, committed 28668K, reserved 1075200K
  class space    used 3621K, capacity 3874K, committed 3916K, reserved 1048576K
GC Heap History (12 events):
Event: 1.743 GC heap before
{Heap before GC invocations=0 (full 0):
 garbage-first heap   total 163840K, used 19456K [0x0000000080000000, 0x0000000100000000)
  region size 1024K, 14 young (14336K), 0 survivors (0K)
 Metaspace       used 6753K, capacity 7001K, committed 7168K, reserved 1056768K
  class space    used 570K, capacity 650K, committed 768K, reserved 1048576K
}
Event: 1.751 GC heap after
{Heap after GC invocations=1 (full 0):
 garbage-first heap   total 163840K, used 7557K [0x0000000080000000, 0x0000000100000000)
  region size 1024K, 2 young (2048K), 2 survivors (2048K)
 Metaspace       used 6753K, capacity 7001K, committed 7168K, reserved 1056768K
  class space    used 570K, capacity 650K, committed 768K, reserved 1048576K
}
Event: 2.719 GC heap before
{Heap before GC invocations=1 (full 0):
 garbage-first heap   total 163840K, used 18821K [0x0000000080000000, 0x0000000100000000)
  region size 1024K, 13 young (13312K), 2 survivors (2048K)
 Metaspace       used 10252K, capacity 10501K, committed 10624K, reserved 1058816K
  class space    used 1042K, capacity 1139K, committed 1152K, reserved 1048576K
}
Event: 2.725 GC heap after
{Heap after GC invocations=2 (full 0):
 garbage-first heap   total 163840K, used 9466K [0x0000000080000000, 0x0000000100000000)
  region size 1024K, 2 young (2048K), 2 survivors (2048K)
 Metaspace       used 10252K, capacity 10501K, committed 10624K, reserved 1058816K
  class space    used 1042K, capacity 1139K, committed 1152K, reserved 1048576K
}
Event: 4.113 GC heap before
{Heap before GC invocations=2 (full 0):
 garbage-first heap   total 163840K, used 37114K [0x0000000080000000, 0x0000000100000000)
  region size 1024K, 28 young (28672K), 2 survivors (2048K)
 Metaspace       used 11221K, capacity 11456K, committed 11520K, reserved 1058816K
  class space    used 1143K, capacity 1244K, committed 1280K, reserved 1048576K
}
Event: 4.119 GC heap after
{Heap after GC invocations=3 (full 0):
 garbage-first heap   total 163840K, used 12584K [0x0000000080000000, 0x0000000100000000)
  region size 1024K, 4 young (4096K), 4 survivors (4096K)
 Metaspace       used 11221K, capacity 11456K, committed 11520K, reserved 1058816K
  class space    used 1143K, capacity 1244K, committed 1280K, reserved 1048576K
}
Event: 10.425 GC heap before
{Heap before GC invocations=3 (full 0):
 garbage-first heap   total 163840K, used 51496K [0x0000000080000000, 0x0000000100000000)
  region size 1024K, 42 young (43008K), 4 survivors (4096K)
 Metaspace       used 17625K, capacity 18034K, committed 18176K, reserved 1064960K
  class space    used 2042K, capacity 2185K, committed 2304K, reserved 1048576K
}
Event: 10.441 GC heap after
{Heap after GC invocations=4 (full 0):
 garbage-first heap   total 163840K, used 16668K [0x0000000080000000, 0x0000000100000000)
  region size 1024K, 6 young (6144K), 6 survivors (6144K)
 Metaspace       used 17625K, capacity 18034K, committed 18176K, reserved 1064960K
  class space    used 2042K, capacity 2185K, committed 2304K, reserved 1048576K
}
Event: 11.260 GC heap before
{Heap before GC invocations=4 (full 0):
 garbage-first heap   total 163840K, used 42268K [0x0000000080000000, 0x0000000100000000)
  region size 1024K, 32 young (32768K), 6 survivors (6144K)
 Metaspace       used 20765K, capacity 21199K, committed 21296K, reserved 1069056K
  class space    used 2501K, capacity 2669K, committed 2688K, reserved 1048576K
}
Event: 11.269 GC heap after
{Heap after GC invocations=5 (full 0):
 garbage-first heap   total 163840K, used 17539K [0x0000000080000000, 0x0000000100000000)
  region size 1024K, 4 young (4096K), 4 survivors (4096K)
 Metaspace       used 20765K, capacity 21199K, committed 21296K, reserved 1069056K
  class space    used 2501K, capacity 2669K, committed 2688K, reserved 1048576K
}
Event: 12.678 GC heap before
{Heap before GC invocations=6 (full 0):
 garbage-first heap   total 163840K, used 68739K [0x0000000080000000, 0x0000000100000000)
  region size 1024K, 54 young (55296K), 4 survivors (4096K)
 Metaspace       used 26011K, capacity 26582K, committed 26876K, reserved 1073152K
  class space    used 3343K, capacity 3551K, committed 3660K, reserved 1048576K
}
Event: 12.689 GC heap after
{Heap after GC invocations=7 (full 0):
 garbage-first heap   total 163840K, used 19578K [0x0000000080000000, 0x0000000100000000)
  region size 1024K, 3 young (3072K), 3 survivors (3072K)
 Metaspace       used 26011K, capacity 26582K, committed 26876K, reserved 1073152K
  class space    used 3343K, capacity 3551K, committed 3660K, reserved 1048576K
}

