# JRE version: OpenJDK Runtime Environment (11.0.12+7) (build 11.0.12+7-b1504.28-7817840)
# Java VM: OpenJDK 64-Bit Server VM (11.0.12+7-b1504.28-7817840, mixed mode, tiered, compressed oops, g1 gc, windows-amd64)
Heap:
 garbage-first heap   total 236544K, used 77360K [0x0000000080000000, 0x0000000100000000)
  region size 1024K, 28 young (28672K), 7 survivors (7168K)
 Metaspace       used 50798K, capacity 52124K, committed 52224K, reserved 1093632K
  class space    used 6565K, capacity 7100K, committed 7168K, reserved 1048576K
GC Heap History (20 events):
Event: 12.989 GC heap before
{Heap before GC invocations=15 (full 0):
 garbage-first heap   total 196608K, used 157588K [0x0000000080000000, 0x0000000100000000)
  region size 1024K, 106 young (108544K), 3 survivors (3072K)
 Metaspace       used 44747K, capacity 45949K, committed 46208K, reserved 1089536K
  class space    used 5765K, capacity 6226K, committed 6272K, reserved 1048576K
}
Event: 13.012 GC heap after
{Heap after GC invocations=16 (full 0):
 garbage-first heap   total 196608K, used 53546K [0x0000000080000000, 0x0000000100000000)
  region size 1024K, 8 young (8192K), 8 survivors (8192K)
 Metaspace       used 44747K, capacity 45949K, committed 46208K, reserved 1089536K
  class space    used 5765K, capacity 6226K, committed 6272K, reserved 1048576K
}
Event: 13.741 GC heap before
{Heap before GC invocations=16 (full 0):
 garbage-first heap   total 196608K, used 154922K [0x0000000080000000, 0x0000000100000000)
  region size 1024K, 107 young (109568K), 8 survivors (8192K)
 Metaspace       used 44757K, capacity 45949K, committed 46208K, reserved 1089536K
  class space    used 5765K, capacity 6226K, committed 6272K, reserved 1048576K
}
Event: 13.758 GC heap after
{Heap after GC invocations=17 (full 0):
 garbage-first heap   total 236544K, used 54323K [0x0000000080000000, 0x0000000100000000)
  region size 1024K, 8 young (8192K), 8 survivors (8192K)
 Metaspace       used 44757K, capacity 45949K, committed 46208K, reserved 1089536K
  class space    used 5765K, capacity 6226K, committed 6272K, reserved 1048576K
}
Event: 14.460 GC heap before
{Heap before GC invocations=17 (full 0):
 garbage-first heap   total 236544K, used 170035K [0x0000000080000000, 0x0000000100000000)
  region size 1024K, 121 young (123904K), 8 survivors (8192K)
 Metaspace       used 44803K, capacity 46013K, committed 46208K, reserved 1089536K
  class space    used 5774K, capacity 6226K, committed 6272K, reserved 1048576K
}
Event: 14.473 GC heap after
{Heap after GC invocations=18 (full 0):
 garbage-first heap   total 236544K, used 55479K [0x0000000080000000, 0x0000000100000000)
  region size 1024K, 9 young (9216K), 9 survivors (9216K)
 Metaspace       used 44803K, capacity 46013K, committed 46208K, reserved 1089536K
  class space    used 5774K, capacity 6226K, committed 6272K, reserved 1048576K
}
Event: 15.090 GC heap before
{Heap before GC invocations=18 (full 0):
 garbage-first heap   total 236544K, used 177335K [0x0000000080000000, 0x0000000100000000)
  region size 1024K, 128 young (131072K), 9 survivors (9216K)
 Metaspace       used 44812K, capacity 46013K, committed 46208K, reserved 1089536K
  class space    used 5774K, capacity 6226K, committed 6272K, reserved 1048576K
}
Event: 15.103 GC heap after
{Heap after GC invocations=19 (full 0):
 garbage-first heap   total 236544K, used 56425K [0x0000000080000000, 0x0000000100000000)
  region size 1024K, 10 young (10240K), 10 survivors (10240K)
 Metaspace       used 44812K, capacity 46013K, committed 46208K, reserved 1089536K
  class space    used 5774K, capacity 6226K, committed 6272K, reserved 1048576K
}
Event: 15.742 GC heap before
{Heap before GC invocations=19 (full 0):
 garbage-first heap   total 236544K, used 183401K [0x0000000080000000, 0x0000000100000000)
  region size 1024K, 134 young (137216K), 10 survivors (10240K)
 Metaspace       used 44813K, capacity 46013K, committed 46208K, reserved 1089536K
  class space    used 5774K, capacity 6226K, committed 6272K, reserved 1048576K
}
Event: 15.760 GC heap after
{Heap after GC invocations=20 (full 0):
 garbage-first heap   total 236544K, used 57663K [0x0000000080000000, 0x0000000100000000)
  region size 1024K, 10 young (10240K), 10 survivors (10240K)
 Metaspace       used 44813K, capacity 46013K, committed 46208K, reserved 1089536K
  class space    used 5774K, capacity 6226K, committed 6272K, reserved 1048576K
}
Event: 16.409 GC heap before
{Heap before GC invocations=20 (full 0):
 garbage-first heap   total 236544K, used 188735K [0x0000000080000000, 0x0000000100000000)
  region size 1024K, 138 young (141312K), 10 survivors (10240K)
 Metaspace       used 44814K, capacity 46013K, committed 46208K, reserved 1089536K
  class space    used 5774K, capacity 6226K, committed 6272K, reserved 1048576K
}
Event: 16.424 GC heap after
{Heap after GC invocations=21 (full 0):
 garbage-first heap   total 236544K, used 58260K [0x0000000080000000, 0x0000000100000000)
  region size 1024K, 11 young (11264K), 11 survivors (11264K)
 Metaspace       used 44814K, capacity 46013K, committed 46208K, reserved 1089536K
  class space    used 5774K, capacity 6226K, committed 6272K, reserved 1048576K
}
Event: 19.055 GC heap before
{Heap before GC invocations=21 (full 0):
 garbage-first heap   total 236544K, used 191380K [0x0000000080000000, 0x0000000100000000)
  region size 1024K, 138 young (141312K), 11 survivors (11264K)
 Metaspace       used 45078K, capacity 46289K, committed 46592K, reserved 1089536K
  class space    used 5802K, capacity 6273K, committed 6400K, reserved 1048576K
}
Event: 19.061 GC heap after
{Heap after GC invocations=22 (full 0):
 garbage-first heap   total 236544K, used 52345K [0x0000000080000000, 0x0000000100000000)
  region size 1024K, 4 young (4096K), 4 survivors (4096K)
 Metaspace       used 45078K, capacity 46289K, committed 46592K, reserved 1089536K
  class space    used 5802K, capacity 6273K, committed 6400K, reserved 1048576K
}
Event: 19.551 GC heap before
{Heap before GC invocations=22 (full 0):
 garbage-first heap   total 236544K, used 189561K [0x0000000080000000, 0x0000000100000000)
  region size 1024K, 138 young (141312K), 4 survivors (4096K)
 Metaspace       used 45080K, capacity 46289K, committed 46592K, reserved 1089536K
  class space    used 5803K, capacity 6273K, committed 6400K, reserved 1048576K
}
Event: 19.557 GC heap after
{Heap after GC invocations=23 (full 0):
 garbage-first heap   total 236544K, used 53919K [0x0000000080000000, 0x0000000100000000)
  region size 1024K, 5 young (5120K), 5 survivors (5120K)
 Metaspace       used 45080K, capacity 46289K, committed 46592K, reserved 1089536K
  class space    used 5803K, capacity 6273K, committed 6400K, reserved 1048576K
}
Event: 20.724 GC heap before
{Heap before GC invocations=23 (full 0):
 garbage-first heap   total 236544K, used 193183K [0x0000000080000000, 0x0000000100000000)
  region size 1024K, 138 young (141312K), 5 survivors (5120K)
 Metaspace       used 47884K, capacity 49107K, committed 49280K, reserved 1091584K
  class space    used 6262K, capacity 6745K, committed 6784K, reserved 1048576K
}
Event: 20.731 GC heap after
{Heap after GC invocations=24 (full 0):
 garbage-first heap   total 236544K, used 52065K [0x0000000080000000, 0x0000000100000000)
  region size 1024K, 4 young (4096K), 4 survivors (4096K)
 Metaspace       used 47884K, capacity 49107K, committed 49280K, reserved 1091584K
  class space    used 6262K, capacity 6745K, committed 6784K, reserved 1048576K
}
Event: 23.162 GC heap before
{Heap before GC invocations=24 (full 0):
 garbage-first heap   total 236544K, used 191329K [0x0000000080000000, 0x0000000100000000)
  region size 1024K, 138 young (141312K), 4 survivors (4096K)
 Metaspace       used 50795K, capacity 52124K, committed 52224K, reserved 1093632K
  class space    used 6565K, capacity 7100K, committed 7168K, reserved 1048576K
}
Event: 23.177 GC heap after
{Heap after GC invocations=25 (full 0):
 garbage-first heap   total 236544K, used 56880K [0x0000000080000000, 0x0000000100000000)
  region size 1024K, 7 young (7168K), 7 survivors (7168K)
 Metaspace       used 50795K, capacity 52124K, committed 52224K, reserved 1093632K
  class space    used 6565K, capacity 7100K, committed 7168K, reserved 1048576K
}

