# JRE version: OpenJDK Runtime Environment (11.0.12+7) (build 11.0.12+7-b1504.28-7817840)
# Java VM: OpenJDK 64-Bit Server VM (11.0.12+7-b1504.28-7817840, mixed mode, tiered, compressed oops, g1 gc, windows-amd64)
Heap:
 garbage-first heap   total 573440K, used 251512K [0x0000000080000000, 0x0000000100000000)
  region size 1024K, 2 young (2048K), 2 survivors (2048K)
 Metaspace       used 120507K, capacity 123815K, committed 123940K, reserved 1157120K
  class space    used 14910K, capacity 16135K, committed 16256K, reserved 1048576K
GC Heap History (20 events):
Event: 61.070 GC heap after
{Heap after GC invocations=68 (full 0):
 garbage-first heap   total 433152K, used 137419K [0x0000000080000000, 0x0000000100000000)
  region size 1024K, 15 young (15360K), 15 survivors (15360K)
 Metaspace       used 102560K, capacity 105269K, committed 105508K, reserved 1140736K
  class space    used 12567K, capacity 13574K, committed 13696K, reserved 1048576K
}
Event: 66.014 GC heap before
{Heap before GC invocations=68 (full 0):
 garbage-first heap   total 433152K, used 345291K [0x0000000080000000, 0x0000000100000000)
  region size 1024K, 217 young (222208K), 15 survivors (15360K)
 Metaspace       used 108760K, capacity 111471K, committed 111780K, reserved 1146880K
  class space    used 13255K, capacity 14275K, committed 14336K, reserved 1048576K
}
Event: 66.038 GC heap after
{Heap after GC invocations=69 (full 0):
 garbage-first heap   total 433152K, used 129787K [0x0000000080000000, 0x0000000100000000)
  region size 1024K, 7 young (7168K), 7 survivors (7168K)
 Metaspace       used 108760K, capacity 111471K, committed 111780K, reserved 1146880K
  class space    used 13255K, capacity 14275K, committed 14336K, reserved 1048576K
}
Event: 70.814 GC heap before
{Heap before GC invocations=69 (full 0):
 garbage-first heap   total 433152K, used 366331K [0x0000000080000000, 0x0000000100000000)
  region size 1024K, 221 young (226304K), 7 survivors (7168K)
 Metaspace       used 113793K, capacity 116635K, committed 116772K, reserved 1150976K
  class space    used 13887K, capacity 14933K, committed 14976K, reserved 1048576K
}
Event: 70.861 GC heap after
{Heap after GC invocations=70 (full 0):
 garbage-first heap   total 433152K, used 166250K [0x0000000080000000, 0x0000000100000000)
  region size 1024K, 28 young (28672K), 28 survivors (28672K)
 Metaspace       used 113793K, capacity 116635K, committed 116772K, reserved 1150976K
  class space    used 13887K, capacity 14933K, committed 14976K, reserved 1048576K
}
Event: 73.424 GC heap before
{Heap before GC invocations=70 (full 0):
 garbage-first heap   total 433152K, used 364906K [0x0000000080000000, 0x0000000100000000)
  region size 1024K, 200 young (204800K), 28 survivors (28672K)
 Metaspace       used 116578K, capacity 119533K, committed 119588K, reserved 1153024K
  class space    used 14374K, capacity 15481K, committed 15488K, reserved 1048576K
}
Event: 73.619 GC heap after
{Heap after GC invocations=71 (full 0):
 garbage-first heap   total 451584K, used 232961K [0x0000000080000000, 0x0000000100000000)
  region size 1024K, 25 young (25600K), 25 survivors (25600K)
 Metaspace       used 116578K, capacity 119533K, committed 119588K, reserved 1153024K
  class space    used 14374K, capacity 15481K, committed 15488K, reserved 1048576K
}
Event: 73.827 GC heap before
{Heap before GC invocations=71 (full 0):
 garbage-first heap   total 451584K, used 253441K [0x0000000080000000, 0x0000000100000000)
  region size 1024K, 45 young (46080K), 25 survivors (25600K)
 Metaspace       used 116579K, capacity 119533K, committed 119588K, reserved 1153024K
  class space    used 14374K, capacity 15481K, committed 15488K, reserved 1048576K
}
Event: 73.952 GC heap after
{Heap after GC invocations=72 (full 0):
 garbage-first heap   total 451584K, used 243712K [0x0000000080000000, 0x0000000100000000)
  region size 1024K, 6 young (6144K), 6 survivors (6144K)
 Metaspace       used 116579K, capacity 119533K, committed 119588K, reserved 1153024K
  class space    used 14374K, capacity 15481K, committed 15488K, reserved 1048576K
}
Event: 75.269 GC heap before
{Heap before GC invocations=72 (full 0):
 garbage-first heap   total 451584K, used 300032K [0x0000000080000000, 0x0000000100000000)
  region size 1024K, 79 young (80896K), 6 survivors (6144K)
 Metaspace       used 116792K, capacity 119758K, committed 119972K, reserved 1153024K
  class space    used 14420K, capacity 15534K, committed 15616K, reserved 1048576K
}
Event: 75.371 GC heap after
{Heap after GC invocations=73 (full 0):
 garbage-first heap   total 451584K, used 258560K [0x0000000080000000, 0x0000000100000000)
  region size 1024K, 10 young (10240K), 10 survivors (10240K)
 Metaspace       used 116792K, capacity 119758K, committed 119972K, reserved 1153024K
  class space    used 14420K, capacity 15534K, committed 15616K, reserved 1048576K
}
Event: 75.923 GC heap before
{Heap before GC invocations=74 (full 0):
 garbage-first heap   total 451584K, used 313856K [0x0000000080000000, 0x0000000100000000)
  region size 1024K, 64 young (65536K), 10 survivors (10240K)
 Metaspace       used 117598K, capacity 120559K, committed 120868K, reserved 1155072K
  class space    used 14529K, capacity 15651K, committed 15744K, reserved 1048576K
}
Event: 75.984 GC heap after
{Heap after GC invocations=75 (full 0):
 garbage-first heap   total 451584K, used 266741K [0x0000000080000000, 0x0000000100000000)
  region size 1024K, 7 young (7168K), 7 survivors (7168K)
 Metaspace       used 117598K, capacity 120559K, committed 120868K, reserved 1155072K
  class space    used 14529K, capacity 15651K, committed 15744K, reserved 1048576K
}
Event: 76.473 GC heap before
{Heap before GC invocations=75 (full 0):
 garbage-first heap   total 451584K, used 281077K [0x0000000080000000, 0x0000000100000000)
  region size 1024K, 22 young (22528K), 7 survivors (7168K)
 Metaspace       used 118953K, capacity 121960K, committed 122020K, reserved 1155072K
  class space    used 14700K, capacity 15814K, committed 15872K, reserved 1048576K
}
Event: 76.502 GC heap after
{Heap after GC invocations=76 (full 0):
 garbage-first heap   total 451584K, used 263168K [0x0000000080000000, 0x0000000100000000)
  region size 1024K, 3 young (3072K), 3 survivors (3072K)
 Metaspace       used 118953K, capacity 121960K, committed 122020K, reserved 1155072K
  class space    used 14700K, capacity 15814K, committed 15872K, reserved 1048576K
}
Event: 77.838 GC heap before
{Heap before GC invocations=76 (full 0):
 garbage-first heap   total 451584K, used 331776K [0x0000000080000000, 0x0000000100000000)
  region size 1024K, 70 young (71680K), 3 survivors (3072K)
 Metaspace       used 120037K, capacity 123189K, committed 123300K, reserved 1157120K
  class space    used 14862K, capacity 16069K, committed 16128K, reserved 1048576K
}
Event: 77.897 GC heap after
{Heap after GC invocations=77 (full 0):
 garbage-first heap   total 451584K, used 270751K [0x0000000080000000, 0x0000000100000000)
  region size 1024K, 9 young (9216K), 9 survivors (9216K)
 Metaspace       used 120037K, capacity 123189K, committed 123300K, reserved 1157120K
  class space    used 14862K, capacity 16069K, committed 16128K, reserved 1048576K
}
Event: 79.946 GC heap before
{Heap before GC invocations=78 (full 0):
 garbage-first heap   total 451584K, used 326047K [0x0000000080000000, 0x0000000100000000)
  region size 1024K, 71 young (72704K), 9 survivors (9216K)
 Metaspace       used 120501K, capacity 123815K, committed 123940K, reserved 1157120K
  class space    used 14910K, capacity 16135K, committed 16256K, reserved 1048576K
}
Event: 80.025 GC heap after
{Heap after GC invocations=79 (full 0):
 garbage-first heap   total 451584K, used 266876K [0x0000000080000000, 0x0000000100000000)
  region size 1024K, 5 young (5120K), 5 survivors (5120K)
 Metaspace       used 120501K, capacity 123815K, committed 123940K, reserved 1157120K
  class space    used 14910K, capacity 16135K, committed 16256K, reserved 1048576K
}
Event: 80.604 GC heap before
{Heap before GC invocations=79 (full 0):
 garbage-first heap   total 451584K, used 289404K [0x0000000080000000, 0x0000000100000000)
  region size 1024K, 22 young (22528K), 5 survivors (5120K)
 Metaspace       used 120507K, capacity 123815K, committed 123940K, reserved 1157120K
  class space    used 14910K, capacity 16135K, committed 16256K, reserved 1048576K
}

