# JRE version: OpenJDK Runtime Environment (11.0.12+7) (build 11.0.12+7-b1504.28-7817840)
# Java VM: OpenJDK 64-Bit Server VM (11.0.12+7-b1504.28-7817840, mixed mode, tiered, compressed oops, g1 gc, windows-amd64)
Heap:
 garbage-first heap   total 163840K, used 78626K [0x0000000080000000, 0x0000000100000000)
  region size 1024K, 59 young (60416K), 9 survivors (9216K)
 Metaspace       used 41071K, capacity 42217K, committed 42368K, reserved 1085440K
  class space    used 5283K, capacity 5726K, committed 5760K, reserved 1048576K
GC Heap History (10 events):
Event: 0.792 GC heap before
{Heap before GC invocations=0 (full 0):
 garbage-first heap   total 163840K, used 16384K [0x0000000080000000, 0x0000000100000000)
  region size 1024K, 14 young (14336K), 0 survivors (0K)
 Metaspace       used 6734K, capacity 6921K, committed 7168K, reserved 1056768K
  class space    used 583K, capacity 650K, committed 768K, reserved 1048576K
}
Event: 0.798 GC heap after
{Heap after GC invocations=1 (full 0):
 garbage-first heap   total 163840K, used 4031K [0x0000000080000000, 0x0000000100000000)
  region size 1024K, 2 young (2048K), 2 survivors (2048K)
 Metaspace       used 6734K, capacity 6921K, committed 7168K, reserved 1056768K
  class space    used 583K, capacity 650K, committed 768K, reserved 1048576K
}
Event: 5.530 GC heap before
{Heap before GC invocations=1 (full 0):
 garbage-first heap   total 163840K, used 103359K [0x0000000080000000, 0x0000000100000000)
  region size 1024K, 96 young (98304K), 2 survivors (2048K)
 Metaspace       used 18584K, capacity 18954K, committed 19072K, reserved 1067008K
  class space    used 2213K, capacity 2348K, committed 2432K, reserved 1048576K
}
Event: 5.548 GC heap after
{Heap after GC invocations=2 (full 0):
 garbage-first heap   total 163840K, used 16693K [0x0000000080000000, 0x0000000100000000)
  region size 1024K, 12 young (12288K), 12 survivors (12288K)
 Metaspace       used 18584K, capacity 18954K, committed 19072K, reserved 1067008K
  class space    used 2213K, capacity 2348K, committed 2432K, reserved 1048576K
}
Event: 6.082 GC heap before
{Heap before GC invocations=2 (full 0):
 garbage-first heap   total 163840K, used 38197K [0x0000000080000000, 0x0000000100000000)
  region size 1024K, 34 young (34816K), 12 survivors (12288K)
 Metaspace       used 20817K, capacity 21148K, committed 21248K, reserved 1067008K
  class space    used 2558K, capacity 2716K, committed 2816K, reserved 1048576K
}
Event: 6.101 GC heap after
{Heap after GC invocations=3 (full 0):
 garbage-first heap   total 163840K, used 17588K [0x0000000080000000, 0x0000000100000000)
  region size 1024K, 1 young (1024K), 1 survivors (1024K)
 Metaspace       used 20817K, capacity 21148K, committed 21248K, reserved 1067008K
  class space    used 2558K, capacity 2716K, committed 2816K, reserved 1048576K
}
Event: 7.606 GC heap before
{Heap before GC invocations=4 (full 0):
 garbage-first heap   total 163840K, used 75956K [0x0000000080000000, 0x0000000100000000)
  region size 1024K, 58 young (59392K), 1 survivors (1024K)
 Metaspace       used 27048K, capacity 27746K, committed 27904K, reserved 1073152K
  class space    used 3556K, capacity 3801K, committed 3840K, reserved 1048576K
}
Event: 7.617 GC heap after
{Heap after GC invocations=5 (full 0):
 garbage-first heap   total 163840K, used 19448K [0x0000000080000000, 0x0000000100000000)
  region size 1024K, 3 young (3072K), 3 survivors (3072K)
 Metaspace       used 27048K, capacity 27746K, committed 27904K, reserved 1073152K
  class space    used 3556K, capacity 3801K, committed 3840K, reserved 1048576K
}
Event: 10.013 GC heap before
{Heap before GC invocations=6 (full 0):
 garbage-first heap   total 163840K, used 101368K [0x0000000080000000, 0x0000000100000000)
  region size 1024K, 84 young (86016K), 3 survivors (3072K)
 Metaspace       used 37542K, capacity 38482K, committed 38528K, reserved 1083392K
  class space    used 4875K, capacity 5230K, committed 5248K, reserved 1048576K
}
Event: 10.030 GC heap after
{Heap after GC invocations=7 (full 0):
 garbage-first heap   total 163840K, used 25378K [0x0000000080000000, 0x0000000100000000)
  region size 1024K, 9 young (9216K), 9 survivors (9216K)
 Metaspace       used 37542K, capacity 38482K, committed 38528K, reserved 1083392K
  class space    used 4875K, capacity 5230K, committed 5248K, reserved 1048576K
}

