# JRE version: OpenJDK Runtime Environment (11.0.12+7) (build 11.0.12+7-b1504.28-7817840)
# Java VM: OpenJDK 64-Bit Server VM (11.0.12+7-b1504.28-7817840, mixed mode, tiered, compressed oops, g1 gc, windows-amd64)
Heap:
 garbage-first heap   total 490496K, used 178020K [0x0000000080000000, 0x0000000100000000)
  region size 1024K, 4 young (4096K), 4 survivors (4096K)
 Metaspace       used 93336K, capacity 95794K, committed 96044K, reserved 1132544K
  class space    used 11855K, capacity 12809K, committed 12928K, reserved 1048576K
GC Heap History (20 events):
Event: 33.825 GC heap after
{Heap after GC invocations=35 (full 0):
 garbage-first heap   total 292864K, used 132881K [0x0000000080000000, 0x0000000100000000)
  region size 1024K, 4 young (4096K), 4 survivors (4096K)
 Metaspace       used 93122K, capacity 95598K, committed 95788K, reserved 1132544K
  class space    used 11853K, capacity 12808K, committed 12928K, reserved 1048576K
}
Event: 34.555 GC heap before
{Heap before GC invocations=35 (full 0):
 garbage-first heap   total 292864K, used 254737K [0x0000000080000000, 0x0000000100000000)
  region size 1024K, 75 young (76800K), 4 survivors (4096K)
 Metaspace       used 93169K, capacity 95662K, committed 96044K, reserved 1132544K
  class space    used 11853K, capacity 12808K, committed 12928K, reserved 1048576K
}
Event: 34.573 GC heap after
{Heap after GC invocations=36 (full 0):
 garbage-first heap   total 292864K, used 182792K [0x0000000080000000, 0x0000000100000000)
  region size 1024K, 5 young (5120K), 5 survivors (5120K)
 Metaspace       used 93169K, capacity 95662K, committed 96044K, reserved 1132544K
  class space    used 11853K, capacity 12808K, committed 12928K, reserved 1048576K
}
Event: 34.642 GC heap before
{Heap before GC invocations=37 (full 0):
 garbage-first heap   total 292864K, used 197128K [0x0000000080000000, 0x0000000100000000)
  region size 1024K, 20 young (20480K), 5 survivors (5120K)
 Metaspace       used 93175K, capacity 95665K, committed 96044K, reserved 1132544K
  class space    used 11854K, capacity 12809K, committed 12928K, reserved 1048576K
}
Event: 34.660 GC heap after
{Heap after GC invocations=38 (full 0):
 garbage-first heap   total 352256K, used 156365K [0x0000000080000000, 0x0000000100000000)
  region size 1024K, 4 young (4096K), 4 survivors (4096K)
 Metaspace       used 93175K, capacity 95665K, committed 96044K, reserved 1132544K
  class space    used 11854K, capacity 12809K, committed 12928K, reserved 1048576K
}
Event: 35.346 GC heap before
{Heap before GC invocations=38 (full 0):
 garbage-first heap   total 352256K, used 295629K [0x0000000080000000, 0x0000000100000000)
  region size 1024K, 105 young (107520K), 4 survivors (4096K)
 Metaspace       used 93192K, capacity 95665K, committed 96044K, reserved 1132544K
  class space    used 11854K, capacity 12809K, committed 12928K, reserved 1048576K
}
Event: 35.364 GC heap after
{Heap after GC invocations=39 (full 0):
 garbage-first heap   total 352256K, used 194358K [0x0000000080000000, 0x0000000100000000)
  region size 1024K, 4 young (4096K), 4 survivors (4096K)
 Metaspace       used 93192K, capacity 95665K, committed 96044K, reserved 1132544K
  class space    used 11854K, capacity 12809K, committed 12928K, reserved 1048576K
}
Event: 35.464 GC heap before
{Heap before GC invocations=40 (full 0):
 garbage-first heap   total 352256K, used 222006K [0x0000000080000000, 0x0000000100000000)
  region size 1024K, 24 young (24576K), 4 survivors (4096K)
 Metaspace       used 93192K, capacity 95665K, committed 96044K, reserved 1132544K
  class space    used 11854K, capacity 12809K, committed 12928K, reserved 1048576K
}
Event: 35.478 GC heap after
{Heap after GC invocations=41 (full 0):
 garbage-first heap   total 352256K, used 153398K [0x0000000080000000, 0x0000000100000000)
  region size 1024K, 4 young (4096K), 4 survivors (4096K)
 Metaspace       used 93192K, capacity 95665K, committed 96044K, reserved 1132544K
  class space    used 11854K, capacity 12809K, committed 12928K, reserved 1048576K
}
Event: 36.132 GC heap before
{Heap before GC invocations=41 (full 0):
 garbage-first heap   total 352256K, used 300854K [0x0000000080000000, 0x0000000100000000)
  region size 1024K, 97 young (99328K), 4 survivors (4096K)
 Metaspace       used 93209K, capacity 95666K, committed 96044K, reserved 1132544K
  class space    used 11854K, capacity 12809K, committed 12928K, reserved 1048576K
}
Event: 36.147 GC heap after
{Heap after GC invocations=42 (full 0):
 garbage-first heap   total 352256K, used 195560K [0x0000000080000000, 0x0000000100000000)
  region size 1024K, 5 young (5120K), 5 survivors (5120K)
 Metaspace       used 93209K, capacity 95666K, committed 96044K, reserved 1132544K
  class space    used 11854K, capacity 12809K, committed 12928K, reserved 1048576K
}
Event: 36.338 GC heap before
{Heap before GC invocations=43 (full 0):
 garbage-first heap   total 352256K, used 244712K [0x0000000080000000, 0x0000000100000000)
  region size 1024K, 38 young (38912K), 5 survivors (5120K)
 Metaspace       used 93258K, capacity 95730K, committed 96044K, reserved 1132544K
  class space    used 11855K, capacity 12809K, committed 12928K, reserved 1048576K
}
Event: 36.357 GC heap after
{Heap after GC invocations=44 (full 0):
 garbage-first heap   total 422912K, used 174782K [0x0000000080000000, 0x0000000100000000)
  region size 1024K, 4 young (4096K), 4 survivors (4096K)
 Metaspace       used 93258K, capacity 95730K, committed 96044K, reserved 1132544K
  class space    used 11855K, capacity 12809K, committed 12928K, reserved 1048576K
}
Event: 37.116 GC heap before
{Heap before GC invocations=45 (full 0):
 garbage-first heap   total 422912K, used 325310K [0x0000000080000000, 0x0000000100000000)
  region size 1024K, 114 young (116736K), 4 survivors (4096K)
 Metaspace       used 93274K, capacity 95730K, committed 96044K, reserved 1132544K
  class space    used 11855K, capacity 12809K, committed 12928K, reserved 1048576K
}
Event: 37.133 GC heap after
{Heap after GC invocations=46 (full 0):
 garbage-first heap   total 422912K, used 187190K [0x0000000080000000, 0x0000000100000000)
  region size 1024K, 4 young (4096K), 4 survivors (4096K)
 Metaspace       used 93274K, capacity 95730K, committed 96044K, reserved 1132544K
  class space    used 11855K, capacity 12809K, committed 12928K, reserved 1048576K
}
Event: 38.064 GC heap before
{Heap before GC invocations=47 (full 0):
 garbage-first heap   total 422912K, used 346934K [0x0000000080000000, 0x0000000100000000)
  region size 1024K, 111 young (113664K), 4 survivors (4096K)
 Metaspace       used 93303K, capacity 95794K, committed 96044K, reserved 1132544K
  class space    used 11855K, capacity 12809K, committed 12928K, reserved 1048576K
}
Event: 38.082 GC heap after
{Heap after GC invocations=48 (full 0):
 garbage-first heap   total 422912K, used 187078K [0x0000000080000000, 0x0000000100000000)
  region size 1024K, 5 young (5120K), 5 survivors (5120K)
 Metaspace       used 93303K, capacity 95794K, committed 96044K, reserved 1132544K
  class space    used 11855K, capacity 12809K, committed 12928K, reserved 1048576K
}
Event: 38.858 GC heap before
{Heap before GC invocations=49 (full 0):
 garbage-first heap   total 422912K, used 284358K [0x0000000080000000, 0x0000000100000000)
  region size 1024K, 73 young (74752K), 5 survivors (5120K)
 Metaspace       used 93333K, capacity 95794K, committed 96044K, reserved 1132544K
  class space    used 11855K, capacity 12809K, committed 12928K, reserved 1048576K
}
Event: 38.877 GC heap after
{Heap after GC invocations=50 (full 0):
 garbage-first heap   total 422912K, used 163600K [0x0000000080000000, 0x0000000100000000)
  region size 1024K, 4 young (4096K), 4 survivors (4096K)
 Metaspace       used 93333K, capacity 95794K, committed 96044K, reserved 1132544K
  class space    used 11855K, capacity 12809K, committed 12928K, reserved 1048576K
}
Event: 39.706 GC heap before
{Heap before GC invocations=51 (full 0):
 garbage-first heap   total 422912K, used 306960K [0x0000000080000000, 0x0000000100000000)
  region size 1024K, 94 young (96256K), 4 survivors (4096K)
 Metaspace       used 93336K, capacity 95794K, committed 96044K, reserved 1132544K
  class space    used 11855K, capacity 12809K, committed 12928K, reserved 1048576K
}

